[Architectury Transformer DEBUG] 
[Architectury Transformer DEBUG] ============================
[Architectury Transformer DEBUG] Transforming from /home/cutie/Dokumenty/gitrepositories/flowery-structures-promenade/common/build/devlibs/flowerypro-1-dev.jar to /home/cutie/Dokumenty/gitrepositories/flowery-structures-promenade/common/build/libs/flowerypro-1-transformProductionFabric.jar
[Architectury Transformer DEBUG] ============================
[Architectury Transformer DEBUG] 
[Architectury Transformer DEBUG] Transforming 5 transformer(s) from /home/cutie/Dokumenty/gitrepositories/flowery-structures-promenade/common/build/devlibs/flowerypro-1-dev.jar to /home/cutie/Dokumenty/gitrepositories/flowery-structures-promenade/common/build/libs/flowerypro-1-transformProductionFabric.jar: 
[Architectury Transformer DEBUG]  - dev.architectury.transformer.transformers.RemapMixinVariables@470f7ce5
[Architectury Transformer DEBUG]  - dev.architectury.transformer.transformers.TransformExpectPlatform@10bc0d4b
[Architectury Transformer DEBUG]  - dev.architectury.transformer.transformers.RemapInjectables@744d895d
[Architectury Transformer DEBUG]  - dev.architectury.plugin.transformers.AddRefmapName@2dcd73bb
[Architectury Transformer DEBUG]  - dev.architectury.transformer.transformers.TransformPlatformOnly@1119cab3
[Architectury Transformer DEBUG] Transforming from /home/cutie/Dokumenty/gitrepositories/flowery-structures-promenade/common/build/devlibs/flowerypro-1-dev.jar to /home/cutie/Dokumenty/gitrepositories/flowery-structures-promenade/common/build/libs/flowerypro-1-transformProductionFabric.jar with 5 transformer(s) on dev.architectury.transformer.handler.SimpleTransformerHandler
[Architectury Transformer DEBUG] Remapping with 1 mapping provider(s):
[Architectury Transformer DEBUG]  - dev.architectury.transformer.transformers.RemapInjectables$$Lambda$1343/0x000000080153ca00@71a68495
[Architectury Transformer DEBUG] Provided 57 classpath jar(s):
[Architectury Transformer DEBUG]  - /home/cutie/.gradle/caches/modules-2/files-2.1/dev.architectury/architectury-injectables/1.0.10/62db2a366d662606d1b23ad02ccc3212ed37ec3/architectury-injectables-1.0.10.jar
[Architectury Transformer DEBUG]  - /home/cutie/.gradle/caches/modules-2/files-2.1/net.fabricmc/fabric-loader/0.14.4/9fdefdb377f300d1f4dfb6b264a8b2e0b5725ecf/fabric-loader-0.14.4.jar
[Architectury Transformer DEBUG]  - /home/cutie/.gradle/caches/modules-2/files-2.1/org.jetbrains/annotations/23.0.0/8cc20c07506ec18e0834947b84a864bfc094484e/annotations-23.0.0.jar
[Architectury Transformer DEBUG]  - /home/cutie/.gradle/caches/modules-2/files-2.1/net.fabricmc/tiny-mappings-parser/0.3.0+build.17/2f10540a290e382a7cd35c16ec3900046a4e252/tiny-mappings-parser-0.3.0+build.17.jar
[Architectury Transformer DEBUG]  - /home/cutie/.gradle/caches/modules-2/files-2.1/net.fabricmc/sponge-mixin/0.11.2+mixin.0.8.5/f4ae569d559b5e3244b67321945261d83ff7ad8e/sponge-mixin-0.11.2+mixin.0.8.5.jar
[Architectury Transformer DEBUG]  - /home/cutie/.gradle/caches/modules-2/files-2.1/net.fabricmc/tiny-remapper/0.8.1/d220c092cd1446d5f2668b53e71abe23a12cb8cf/tiny-remapper-0.8.1.jar
[Architectury Transformer DEBUG]  - /home/cutie/.gradle/caches/modules-2/files-2.1/net.fabricmc/access-widener/2.1.0/f62a27adbfd8ab4d4fa5681793039f2c0b177155/access-widener-2.1.0.jar
[Architectury Transformer DEBUG]  - /home/cutie/.gradle/caches/modules-2/files-2.1/org.ow2.asm/asm/9.2/81a03f76019c67362299c40e0ba13405f5467bff/asm-9.2.jar
[Architectury Transformer DEBUG]  - /home/cutie/.gradle/caches/modules-2/files-2.1/org.ow2.asm/asm-analysis/9.2/7487dd756daf96cab9986e44b9d7bcb796a61c10/asm-analysis-9.2.jar
[Architectury Transformer DEBUG]  - /home/cutie/.gradle/caches/modules-2/files-2.1/org.ow2.asm/asm-commons/9.2/f4d7f0fc9054386f2893b602454d48e07d4fbead/asm-commons-9.2.jar
[Architectury Transformer DEBUG]  - /home/cutie/.gradle/caches/modules-2/files-2.1/org.ow2.asm/asm-tree/9.2/d96c99a30f5e1a19b0e609dbb19a44d8518ac01e/asm-tree-9.2.jar
[Architectury Transformer DEBUG]  - /home/cutie/.gradle/caches/modules-2/files-2.1/org.ow2.asm/asm-util/9.2/fbc178fc5ba3dab50fd7e8a5317b8b647c8e8946/asm-util-9.2.jar
[Architectury Transformer DEBUG]  - /home/cutie/.gradle/caches/modules-2/files-2.1/net.fabricmc/yarn/1.18.2+build.2/96bf7505abe44cd205434678ff39ad8c73c23f14/yarn-1.18.2+build.2-constants.jar
[Architectury Transformer DEBUG]  - /home/cutie/.gradle/caches/modules-2/files-2.1/com.mojang/patchy/2.2.10/da05971b07cbb379d002cf7eaec6a2048211fefc/patchy-2.2.10.jar
[Architectury Transformer DEBUG]  - /home/cutie/.gradle/caches/modules-2/files-2.1/com.mojang/blocklist/1.0.10/5c685c5ffa94c4cd39496c7184c1d122e515ecef/blocklist-1.0.10.jar
[Architectury Transformer DEBUG]  - /home/cutie/.gradle/caches/modules-2/files-2.1/com.ibm.icu/icu4j/70.1/dfa3a1fbc55bf5db8c6e79fc0935ac7ab1202950/icu4j-70.1.jar
[Architectury Transformer DEBUG]  - /home/cutie/.gradle/caches/modules-2/files-2.1/org.apache.httpcomponents/httpclient/4.5.13/e5f6cae5ca7ecaac1ec2827a9e2d65ae2869cada/httpclient-4.5.13.jar
[Architectury Transformer DEBUG]  - /home/cutie/.gradle/caches/modules-2/files-2.1/commons-codec/commons-codec/1.15/49d94806b6e3dc933dacbd8acb0fdbab8ebd1e5d/commons-codec-1.15.jar
[Architectury Transformer DEBUG]  - /home/cutie/.gradle/caches/modules-2/files-2.1/org.apache.commons/commons-compress/1.21/4ec95b60d4e86b5c95a0e919cb172a0af98011ef/commons-compress-1.21.jar
[Architectury Transformer DEBUG]  - /home/cutie/.gradle/caches/modules-2/files-2.1/commons-logging/commons-logging/1.2/4bfc12adfe4842bf07b657f0369c4cb522955686/commons-logging-1.2.jar
[Architectury Transformer DEBUG]  - /home/cutie/.gradle/caches/modules-2/files-2.1/org.apache.httpcomponents/httpcore/4.4.14/9dd1a631c082d92ecd4bd8fd4cf55026c720a8c1/httpcore-4.4.14.jar
[Architectury Transformer DEBUG]  - /home/cutie/.gradle/caches/modules-2/files-2.1/org.lwjgl/lwjgl-jemalloc/3.2.2/ee8e57a79300f78294576d87c4a587f8c99402e2/lwjgl-jemalloc-3.2.2.jar
[Architectury Transformer DEBUG]  - /home/cutie/.gradle/caches/modules-2/files-2.1/org.lwjgl/lwjgl-openal/3.2.2/2b772a102b0a11ee5f2109a5b136f4dc7c630827/lwjgl-openal-3.2.2.jar
[Architectury Transformer DEBUG]  - /home/cutie/.gradle/caches/modules-2/files-2.1/org.lwjgl/lwjgl-opengl/3.2.2/6ac5bb88b44c43ea195a570aab059f63da004cd8/lwjgl-opengl-3.2.2.jar
[Architectury Transformer DEBUG]  - /home/cutie/.gradle/caches/modules-2/files-2.1/org.lwjgl/lwjgl-glfw/3.2.2/d3ad4df38e400b8afba1de63f84338809399df5b/lwjgl-glfw-3.2.2.jar
[Architectury Transformer DEBUG]  - /home/cutie/.gradle/caches/modules-2/files-2.1/org.lwjgl/lwjgl-stb/3.2.2/3b8e6ebc5851dd3d17e37e5cadce2eff2a429f0f/lwjgl-stb-3.2.2.jar
[Architectury Transformer DEBUG]  - /home/cutie/.gradle/caches/modules-2/files-2.1/org.lwjgl/lwjgl-tinyfd/3.2.2/fcbe606c8f8da6f8f9a05e2c540eb1ee8632b0e9/lwjgl-tinyfd-3.2.2.jar
[Architectury Transformer DEBUG]  - /home/cutie/.gradle/caches/modules-2/files-2.1/org.lwjgl/lwjgl/3.2.2/8ad6294407e15780b43e84929c40e4c5e997972e/lwjgl-3.2.2.jar
[Architectury Transformer DEBUG]  - /home/cutie/.gradle/caches/modules-2/files-2.1/com.mojang/text2speech/1.12.4/1f618f522dbdd93218c270bcfd8f8dd84be31717/text2speech-1.12.4.jar
[Architectury Transformer DEBUG]  - /home/cutie/.gradle/caches/modules-2/files-2.1/ca.weblite/java-objc-bridge/1.0.0/6ef160c3133a78de015830860197602ca1c855d3/java-objc-bridge-1.0.0.jar
[Architectury Transformer DEBUG]  - /home/cutie/.gradle/caches/fabric-loom/1.18.2/net.fabricmc.yarn.1_18_2.1.18.2+build.2-v2/minecraft-merged-named.jar
[Architectury Transformer DEBUG]  - /home/cutie/.gradle/caches/modules-2/files-2.1/com.mojang/logging/1.0.0/f6ca3b2eee0b80b384e8ed93d368faecb82dfb9b/logging-1.0.0.jar
[Architectury Transformer DEBUG]  - /home/cutie/.gradle/caches/modules-2/files-2.1/com.github.oshi/oshi-core/5.8.5/1d0ec654d820741327f5a9229d513732a4b7ce50/oshi-core-5.8.5.jar
[Architectury Transformer DEBUG]  - /home/cutie/.gradle/caches/modules-2/files-2.1/net.java.dev.jna/jna-platform/5.10.0/fbed7d9669dba47714ad0d4f4454290a997aee69/jna-platform-5.10.0.jar
[Architectury Transformer DEBUG]  - /home/cutie/.gradle/caches/modules-2/files-2.1/net.java.dev.jna/jna/5.10.0/7cf4c87dd802db50721db66947aa237d7ad09418/jna-5.10.0.jar
[Architectury Transformer DEBUG]  - /home/cutie/.gradle/caches/modules-2/files-2.1/org.apache.logging.log4j/log4j-slf4j18-impl/2.17.0/bd7f6c0b9224dd214afb4e684957e2349b529a8d/log4j-slf4j18-impl-2.17.0.jar
[Architectury Transformer DEBUG]  - /home/cutie/.gradle/caches/modules-2/files-2.1/com.mojang/datafixerupper/4.1.27/a02c43824ce57c3f7a7d7e744f0d99a040398b5/datafixerupper-4.1.27.jar
[Architectury Transformer DEBUG]  - /home/cutie/.gradle/caches/modules-2/files-2.1/com.mojang/authlib/3.3.39/289405e70c0917eaeac017f7fba9adb4427baa36/authlib-3.3.39.jar
[Architectury Transformer DEBUG]  - /home/cutie/.gradle/caches/modules-2/files-2.1/org.slf4j/slf4j-api/1.8.0-beta4/83b0359d847ee053d745be7ec0d8e9e8a44304b4/slf4j-api-1.8.0-beta4.jar
[Architectury Transformer DEBUG]  - /home/cutie/.gradle/caches/modules-2/files-2.1/com.mojang/javabridge/1.2.24/c876796229b2ef5120f186eab5acc870699d3b9/javabridge-1.2.24.jar
[Architectury Transformer DEBUG]  - /home/cutie/.gradle/caches/modules-2/files-2.1/net.sf.jopt-simple/jopt-simple/5.0.4/4fdac2fbe92dfad86aa6e9301736f6b4342a3f5c/jopt-simple-5.0.4.jar
[Architectury Transformer DEBUG]  - /home/cutie/.gradle/caches/modules-2/files-2.1/io.netty/netty-all/4.1.68.Final/b8266a3c93c1c051109f71d3449e5dcd5d60b333/netty-all-4.1.68.Final.jar
[Architectury Transformer DEBUG]  - /home/cutie/.gradle/caches/modules-2/files-2.1/com.google.guava/guava/31.0.1-jre/119ea2b2bc205b138974d351777b20f02b92704b/guava-31.0.1-jre.jar
[Architectury Transformer DEBUG]  - /home/cutie/.gradle/caches/modules-2/files-2.1/com.google.guava/failureaccess/1.0.1/1dcf1de382a0bf95a3d8b0849546c88bac1292c9/failureaccess-1.0.1.jar
[Architectury Transformer DEBUG]  - /home/cutie/.gradle/caches/modules-2/files-2.1/org.apache.commons/commons-lang3/3.12.0/c6842c86792ff03b9f1d1fe2aab8dc23aa6c6f0e/commons-lang3-3.12.0.jar
[Architectury Transformer DEBUG]  - /home/cutie/.gradle/caches/modules-2/files-2.1/commons-io/commons-io/2.11.0/a2503f302b11ebde7ebc3df41daebe0e4eea3689/commons-io-2.11.0.jar
[Architectury Transformer DEBUG]  - /home/cutie/.gradle/caches/modules-2/files-2.1/com.mojang/brigadier/1.0.18/c1ef1234282716483c92183f49bef47b1a89bfa9/brigadier-1.0.18.jar
[Architectury Transformer DEBUG]  - /home/cutie/.gradle/caches/modules-2/files-2.1/com.google.code.gson/gson/2.8.9/8a432c1d6825781e21a02db2e2c33c5fde2833b9/gson-2.8.9.jar
[Architectury Transformer DEBUG]  - /home/cutie/.gradle/caches/modules-2/files-2.1/it.unimi.dsi/fastutil/8.5.6/76f95700418a68fbc4ac050525261f05dc681ca1/fastutil-8.5.6.jar
[Architectury Transformer DEBUG]  - /home/cutie/.gradle/caches/modules-2/files-2.1/org.apache.logging.log4j/log4j-core/2.17.0/fe6e7a32c1228884b9691a744f953a55d0dd8ead/log4j-core-2.17.0.jar
[Architectury Transformer DEBUG]  - /home/cutie/.gradle/caches/modules-2/files-2.1/org.apache.logging.log4j/log4j-api/2.17.0/bbd791e9c8c9421e45337c4fe0a10851c086e36c/log4j-api-2.17.0.jar
[Architectury Transformer DEBUG]  - /home/cutie/Dokumenty/gitrepositories/flowery-structures-promenade/.gradle/loom-cache/remapped_mods/net_fabricmc_yarn_1_18_2_1_18_2_build_2_v2/net/fabricmc/fabric-loader/0.13.3/fabric-loader-0.13.3.jar
[Architectury Transformer DEBUG]  - /home/cutie/.gradle/caches/modules-2/files-2.1/com.google.guava/listenablefuture/9999.0-empty-to-avoid-conflict-with-guava/b421526c5f297295adef1c886e5246c39d4ac629/listenablefuture-9999.0-empty-to-avoid-conflict-with-guava.jar
[Architectury Transformer DEBUG]  - /home/cutie/.gradle/caches/modules-2/files-2.1/com.google.code.findbugs/jsr305/3.0.2/25ea2e8b0c338a877313bd4672d3fe056ea78f0d/jsr305-3.0.2.jar
[Architectury Transformer DEBUG]  - /home/cutie/.gradle/caches/modules-2/files-2.1/org.checkerframework/checker-qual/3.12.0/d5692f0526415fcc6de94bb5bfbd3afd9dd3b3e5/checker-qual-3.12.0.jar
[Architectury Transformer DEBUG]  - /home/cutie/.gradle/caches/modules-2/files-2.1/com.google.errorprone/error_prone_annotations/2.7.1/458d9042f7aa6fa9a634df902b37f544e15aacac/error_prone_annotations-2.7.1.jar
[Architectury Transformer DEBUG]  - /home/cutie/.gradle/caches/modules-2/files-2.1/com.google.j2objc/j2objc-annotations/1.3/ba035118bc8bac37d7eff77700720999acd9986d/j2objc-annotations-1.3.jar
[Architectury Transformer] Read classpath in 2.060 s
[Architectury Transformer DEBUG] Remapping Classes:
[Architectury Transformer DEBUG] dev/architectury/injectables/targets/ArchitecturyTarget -> architectury_inject_flowerypromenade_common_665eff48fbd94d26acaa5576c128df24_0c860632f7684f9c34216282584390cc02c0e71e9fe551a01b5d0d817ebde84fflowerypro1devjar/PlatformMethods
[Architectury Transformer DEBUG] Found class transformer
[Architectury Transformer DEBUG] Closing File Systems for /home/cutie/Dokumenty/gitrepositories/flowery-structures-promenade/common/build/libs/flowerypro-1-transformProductionFabric.jar
[Architectury Transformer] Transformed jar with 5 transformer(s) in 2.748 s
[Architectury Transformer DEBUG] 
[Architectury Transformer DEBUG] ============================
[Architectury Transformer DEBUG] Transforming from /home/cutie/Dokumenty/gitrepositories/flowery-structures-promenade/common/build/devlibs/flowerypro-1-dev.jar to /home/cutie/Dokumenty/gitrepositories/flowery-structures-promenade/common/build/libs/flowerypro-1-transformProductionForge.jar
[Architectury Transformer DEBUG] ============================
[Architectury Transformer DEBUG] 
[Architectury Transformer DEBUG] Transforming 7 transformer(s) from /home/cutie/Dokumenty/gitrepositories/flowery-structures-promenade/common/build/devlibs/flowerypro-1-dev.jar to /home/cutie/Dokumenty/gitrepositories/flowery-structures-promenade/common/build/libs/flowerypro-1-transformProductionForge.jar: 
[Architectury Transformer DEBUG]  - dev.architectury.transformer.transformers.TransformExpectPlatform@641e65c3
[Architectury Transformer DEBUG]  - dev.architectury.transformer.transformers.RemapInjectables@1b626a46
[Architectury Transformer DEBUG]  - dev.architectury.plugin.transformers.AddRefmapName@7b59dfc0
[Architectury Transformer DEBUG]  - dev.architectury.transformer.transformers.TransformPlatformOnly@625b999
[Architectury Transformer DEBUG]  - dev.architectury.transformer.transformers.TransformForgeAnnotations@1182f4e3
[Architectury Transformer DEBUG]  - dev.architectury.transformer.transformers.TransformForgeEnvironment@19ba8ccf
[Architectury Transformer DEBUG]  - dev.architectury.transformer.transformers.FixForgeMixin@2c28e7e7
[Architectury Transformer DEBUG] Transforming from /home/cutie/Dokumenty/gitrepositories/flowery-structures-promenade/common/build/devlibs/flowerypro-1-dev.jar to /home/cutie/Dokumenty/gitrepositories/flowery-structures-promenade/common/build/libs/flowerypro-1-transformProductionForge.jar with 7 transformer(s) on dev.architectury.transformer.handler.SimpleTransformerHandler
[Architectury Transformer DEBUG] Remapping with 2 mapping provider(s):
[Architectury Transformer DEBUG]  - dev.architectury.transformer.transformers.RemapInjectables$$Lambda$1343/0x000000080153ca00@7ea6a8a
[Architectury Transformer DEBUG]  - dev.architectury.transformer.transformers.TransformForgeEnvironment$$Lambda$1515/0x000000080160bc08@75df4418
[Architectury Transformer DEBUG] Provided 57 classpath jar(s):
[Architectury Transformer DEBUG]  - /home/cutie/.gradle/caches/modules-2/files-2.1/dev.architectury/architectury-injectables/1.0.10/62db2a366d662606d1b23ad02ccc3212ed37ec3/architectury-injectables-1.0.10.jar
[Architectury Transformer DEBUG]  - /home/cutie/.gradle/caches/modules-2/files-2.1/net.fabricmc/fabric-loader/0.14.4/9fdefdb377f300d1f4dfb6b264a8b2e0b5725ecf/fabric-loader-0.14.4.jar
[Architectury Transformer DEBUG]  - /home/cutie/.gradle/caches/modules-2/files-2.1/org.jetbrains/annotations/23.0.0/8cc20c07506ec18e0834947b84a864bfc094484e/annotations-23.0.0.jar
[Architectury Transformer DEBUG]  - /home/cutie/.gradle/caches/modules-2/files-2.1/net.fabricmc/tiny-mappings-parser/0.3.0+build.17/2f10540a290e382a7cd35c16ec3900046a4e252/tiny-mappings-parser-0.3.0+build.17.jar
[Architectury Transformer DEBUG]  - /home/cutie/.gradle/caches/modules-2/files-2.1/net.fabricmc/sponge-mixin/0.11.2+mixin.0.8.5/f4ae569d559b5e3244b67321945261d83ff7ad8e/sponge-mixin-0.11.2+mixin.0.8.5.jar
[Architectury Transformer DEBUG]  - /home/cutie/.gradle/caches/modules-2/files-2.1/net.fabricmc/tiny-remapper/0.8.1/d220c092cd1446d5f2668b53e71abe23a12cb8cf/tiny-remapper-0.8.1.jar
[Architectury Transformer DEBUG]  - /home/cutie/.gradle/caches/modules-2/files-2.1/net.fabricmc/access-widener/2.1.0/f62a27adbfd8ab4d4fa5681793039f2c0b177155/access-widener-2.1.0.jar
[Architectury Transformer DEBUG]  - /home/cutie/.gradle/caches/modules-2/files-2.1/org.ow2.asm/asm/9.2/81a03f76019c67362299c40e0ba13405f5467bff/asm-9.2.jar
[Architectury Transformer DEBUG]  - /home/cutie/.gradle/caches/modules-2/files-2.1/org.ow2.asm/asm-analysis/9.2/7487dd756daf96cab9986e44b9d7bcb796a61c10/asm-analysis-9.2.jar
[Architectury Transformer DEBUG]  - /home/cutie/.gradle/caches/modules-2/files-2.1/org.ow2.asm/asm-commons/9.2/f4d7f0fc9054386f2893b602454d48e07d4fbead/asm-commons-9.2.jar
[Architectury Transformer DEBUG]  - /home/cutie/.gradle/caches/modules-2/files-2.1/org.ow2.asm/asm-tree/9.2/d96c99a30f5e1a19b0e609dbb19a44d8518ac01e/asm-tree-9.2.jar
[Architectury Transformer DEBUG]  - /home/cutie/.gradle/caches/modules-2/files-2.1/org.ow2.asm/asm-util/9.2/fbc178fc5ba3dab50fd7e8a5317b8b647c8e8946/asm-util-9.2.jar
[Architectury Transformer DEBUG]  - /home/cutie/.gradle/caches/modules-2/files-2.1/net.fabricmc/yarn/1.18.2+build.2/96bf7505abe44cd205434678ff39ad8c73c23f14/yarn-1.18.2+build.2-constants.jar
[Architectury Transformer DEBUG]  - /home/cutie/.gradle/caches/modules-2/files-2.1/com.mojang/patchy/2.2.10/da05971b07cbb379d002cf7eaec6a2048211fefc/patchy-2.2.10.jar
[Architectury Transformer DEBUG]  - /home/cutie/.gradle/caches/modules-2/files-2.1/com.mojang/blocklist/1.0.10/5c685c5ffa94c4cd39496c7184c1d122e515ecef/blocklist-1.0.10.jar
[Architectury Transformer DEBUG]  - /home/cutie/.gradle/caches/modules-2/files-2.1/com.ibm.icu/icu4j/70.1/dfa3a1fbc55bf5db8c6e79fc0935ac7ab1202950/icu4j-70.1.jar
[Architectury Transformer DEBUG]  - /home/cutie/.gradle/caches/modules-2/files-2.1/org.apache.httpcomponents/httpclient/4.5.13/e5f6cae5ca7ecaac1ec2827a9e2d65ae2869cada/httpclient-4.5.13.jar
[Architectury Transformer DEBUG]  - /home/cutie/.gradle/caches/modules-2/files-2.1/commons-codec/commons-codec/1.15/49d94806b6e3dc933dacbd8acb0fdbab8ebd1e5d/commons-codec-1.15.jar
[Architectury Transformer DEBUG]  - /home/cutie/.gradle/caches/modules-2/files-2.1/org.apache.commons/commons-compress/1.21/4ec95b60d4e86b5c95a0e919cb172a0af98011ef/commons-compress-1.21.jar
[Architectury Transformer DEBUG]  - /home/cutie/.gradle/caches/modules-2/files-2.1/commons-logging/commons-logging/1.2/4bfc12adfe4842bf07b657f0369c4cb522955686/commons-logging-1.2.jar
[Architectury Transformer DEBUG]  - /home/cutie/.gradle/caches/modules-2/files-2.1/org.apache.httpcomponents/httpcore/4.4.14/9dd1a631c082d92ecd4bd8fd4cf55026c720a8c1/httpcore-4.4.14.jar
[Architectury Transformer DEBUG]  - /home/cutie/.gradle/caches/modules-2/files-2.1/org.lwjgl/lwjgl-jemalloc/3.2.2/ee8e57a79300f78294576d87c4a587f8c99402e2/lwjgl-jemalloc-3.2.2.jar
[Architectury Transformer DEBUG]  - /home/cutie/.gradle/caches/modules-2/files-2.1/org.lwjgl/lwjgl-openal/3.2.2/2b772a102b0a11ee5f2109a5b136f4dc7c630827/lwjgl-openal-3.2.2.jar
[Architectury Transformer DEBUG]  - /home/cutie/.gradle/caches/modules-2/files-2.1/org.lwjgl/lwjgl-opengl/3.2.2/6ac5bb88b44c43ea195a570aab059f63da004cd8/lwjgl-opengl-3.2.2.jar
[Architectury Transformer DEBUG]  - /home/cutie/.gradle/caches/modules-2/files-2.1/org.lwjgl/lwjgl-glfw/3.2.2/d3ad4df38e400b8afba1de63f84338809399df5b/lwjgl-glfw-3.2.2.jar
[Architectury Transformer DEBUG]  - /home/cutie/.gradle/caches/modules-2/files-2.1/org.lwjgl/lwjgl-stb/3.2.2/3b8e6ebc5851dd3d17e37e5cadce2eff2a429f0f/lwjgl-stb-3.2.2.jar
[Architectury Transformer DEBUG]  - /home/cutie/.gradle/caches/modules-2/files-2.1/org.lwjgl/lwjgl-tinyfd/3.2.2/fcbe606c8f8da6f8f9a05e2c540eb1ee8632b0e9/lwjgl-tinyfd-3.2.2.jar
[Architectury Transformer DEBUG]  - /home/cutie/.gradle/caches/modules-2/files-2.1/org.lwjgl/lwjgl/3.2.2/8ad6294407e15780b43e84929c40e4c5e997972e/lwjgl-3.2.2.jar
[Architectury Transformer DEBUG]  - /home/cutie/.gradle/caches/modules-2/files-2.1/com.mojang/text2speech/1.12.4/1f618f522dbdd93218c270bcfd8f8dd84be31717/text2speech-1.12.4.jar
[Architectury Transformer DEBUG]  - /home/cutie/.gradle/caches/modules-2/files-2.1/ca.weblite/java-objc-bridge/1.0.0/6ef160c3133a78de015830860197602ca1c855d3/java-objc-bridge-1.0.0.jar
[Architectury Transformer DEBUG]  - /home/cutie/.gradle/caches/fabric-loom/1.18.2/net.fabricmc.yarn.1_18_2.1.18.2+build.2-v2/minecraft-merged-named.jar
[Architectury Transformer DEBUG]  - /home/cutie/.gradle/caches/modules-2/files-2.1/com.mojang/logging/1.0.0/f6ca3b2eee0b80b384e8ed93d368faecb82dfb9b/logging-1.0.0.jar
[Architectury Transformer DEBUG]  - /home/cutie/.gradle/caches/modules-2/files-2.1/com.github.oshi/oshi-core/5.8.5/1d0ec654d820741327f5a9229d513732a4b7ce50/oshi-core-5.8.5.jar
[Architectury Transformer DEBUG]  - /home/cutie/.gradle/caches/modules-2/files-2.1/net.java.dev.jna/jna-platform/5.10.0/fbed7d9669dba47714ad0d4f4454290a997aee69/jna-platform-5.10.0.jar
[Architectury Transformer DEBUG]  - /home/cutie/.gradle/caches/modules-2/files-2.1/net.java.dev.jna/jna/5.10.0/7cf4c87dd802db50721db66947aa237d7ad09418/jna-5.10.0.jar
[Architectury Transformer DEBUG]  - /home/cutie/.gradle/caches/modules-2/files-2.1/org.apache.logging.log4j/log4j-slf4j18-impl/2.17.0/bd7f6c0b9224dd214afb4e684957e2349b529a8d/log4j-slf4j18-impl-2.17.0.jar
[Architectury Transformer DEBUG]  - /home/cutie/.gradle/caches/modules-2/files-2.1/com.mojang/datafixerupper/4.1.27/a02c43824ce57c3f7a7d7e744f0d99a040398b5/datafixerupper-4.1.27.jar
[Architectury Transformer DEBUG]  - /home/cutie/.gradle/caches/modules-2/files-2.1/com.mojang/authlib/3.3.39/289405e70c0917eaeac017f7fba9adb4427baa36/authlib-3.3.39.jar
[Architectury Transformer DEBUG]  - /home/cutie/.gradle/caches/modules-2/files-2.1/org.slf4j/slf4j-api/1.8.0-beta4/83b0359d847ee053d745be7ec0d8e9e8a44304b4/slf4j-api-1.8.0-beta4.jar
[Architectury Transformer DEBUG]  - /home/cutie/.gradle/caches/modules-2/files-2.1/com.mojang/javabridge/1.2.24/c876796229b2ef5120f186eab5acc870699d3b9/javabridge-1.2.24.jar
[Architectury Transformer DEBUG]  - /home/cutie/.gradle/caches/modules-2/files-2.1/net.sf.jopt-simple/jopt-simple/5.0.4/4fdac2fbe92dfad86aa6e9301736f6b4342a3f5c/jopt-simple-5.0.4.jar
[Architectury Transformer DEBUG]  - /home/cutie/.gradle/caches/modules-2/files-2.1/io.netty/netty-all/4.1.68.Final/b8266a3c93c1c051109f71d3449e5dcd5d60b333/netty-all-4.1.68.Final.jar
[Architectury Transformer DEBUG]  - /home/cutie/.gradle/caches/modules-2/files-2.1/com.google.guava/guava/31.0.1-jre/119ea2b2bc205b138974d351777b20f02b92704b/guava-31.0.1-jre.jar
[Architectury Transformer DEBUG]  - /home/cutie/.gradle/caches/modules-2/files-2.1/com.google.guava/failureaccess/1.0.1/1dcf1de382a0bf95a3d8b0849546c88bac1292c9/failureaccess-1.0.1.jar
[Architectury Transformer DEBUG]  - /home/cutie/.gradle/caches/modules-2/files-2.1/org.apache.commons/commons-lang3/3.12.0/c6842c86792ff03b9f1d1fe2aab8dc23aa6c6f0e/commons-lang3-3.12.0.jar
[Architectury Transformer DEBUG]  - /home/cutie/.gradle/caches/modules-2/files-2.1/commons-io/commons-io/2.11.0/a2503f302b11ebde7ebc3df41daebe0e4eea3689/commons-io-2.11.0.jar
[Architectury Transformer DEBUG]  - /home/cutie/.gradle/caches/modules-2/files-2.1/com.mojang/brigadier/1.0.18/c1ef1234282716483c92183f49bef47b1a89bfa9/brigadier-1.0.18.jar
[Architectury Transformer DEBUG]  - /home/cutie/.gradle/caches/modules-2/files-2.1/com.google.code.gson/gson/2.8.9/8a432c1d6825781e21a02db2e2c33c5fde2833b9/gson-2.8.9.jar
[Architectury Transformer DEBUG]  - /home/cutie/.gradle/caches/modules-2/files-2.1/it.unimi.dsi/fastutil/8.5.6/76f95700418a68fbc4ac050525261f05dc681ca1/fastutil-8.5.6.jar
[Architectury Transformer DEBUG]  - /home/cutie/.gradle/caches/modules-2/files-2.1/org.apache.logging.log4j/log4j-core/2.17.0/fe6e7a32c1228884b9691a744f953a55d0dd8ead/log4j-core-2.17.0.jar
[Architectury Transformer DEBUG]  - /home/cutie/.gradle/caches/modules-2/files-2.1/org.apache.logging.log4j/log4j-api/2.17.0/bbd791e9c8c9421e45337c4fe0a10851c086e36c/log4j-api-2.17.0.jar
[Architectury Transformer DEBUG]  - /home/cutie/Dokumenty/gitrepositories/flowery-structures-promenade/.gradle/loom-cache/remapped_mods/net_fabricmc_yarn_1_18_2_1_18_2_build_2_v2/net/fabricmc/fabric-loader/0.13.3/fabric-loader-0.13.3.jar
[Architectury Transformer DEBUG]  - /home/cutie/.gradle/caches/modules-2/files-2.1/com.google.guava/listenablefuture/9999.0-empty-to-avoid-conflict-with-guava/b421526c5f297295adef1c886e5246c39d4ac629/listenablefuture-9999.0-empty-to-avoid-conflict-with-guava.jar
[Architectury Transformer DEBUG]  - /home/cutie/.gradle/caches/modules-2/files-2.1/com.google.code.findbugs/jsr305/3.0.2/25ea2e8b0c338a877313bd4672d3fe056ea78f0d/jsr305-3.0.2.jar
[Architectury Transformer DEBUG]  - /home/cutie/.gradle/caches/modules-2/files-2.1/org.checkerframework/checker-qual/3.12.0/d5692f0526415fcc6de94bb5bfbd3afd9dd3b3e5/checker-qual-3.12.0.jar
[Architectury Transformer DEBUG]  - /home/cutie/.gradle/caches/modules-2/files-2.1/com.google.errorprone/error_prone_annotations/2.7.1/458d9042f7aa6fa9a634df902b37f544e15aacac/error_prone_annotations-2.7.1.jar
[Architectury Transformer DEBUG]  - /home/cutie/.gradle/caches/modules-2/files-2.1/com.google.j2objc/j2objc-annotations/1.3/ba035118bc8bac37d7eff77700720999acd9986d/j2objc-annotations-1.3.jar
[Architectury Transformer DEBUG] Closing File Systems for /home/cutie/Dokumenty/gitrepositories/flowery-structures-promenade/common/build/libs/flowerypro-1.jar
[Architectury Transformer DEBUG] 
[Architectury Transformer DEBUG] ============================
[Architectury Transformer DEBUG] Transforming from /home/cutie/Dokumenty/gitrepositories/flowery-structures-promenade/common/build/devlibs/flowerypro-1-dev.jar to /home/cutie/Dokumenty/gitrepositories/flowery-structures-promenade/common/build/libs/flowerypro-1-transformProductionFabric.jar
[Architectury Transformer DEBUG] ============================
[Architectury Transformer DEBUG] 
[Architectury Transformer DEBUG] Transforming 5 transformer(s) from /home/cutie/Dokumenty/gitrepositories/flowery-structures-promenade/common/build/devlibs/flowerypro-1-dev.jar to /home/cutie/Dokumenty/gitrepositories/flowery-structures-promenade/common/build/libs/flowerypro-1-transformProductionFabric.jar: 
[Architectury Transformer DEBUG]  - dev.architectury.transformer.transformers.RemapMixinVariables@36b82344
[Architectury Transformer DEBUG]  - dev.architectury.transformer.transformers.TransformExpectPlatform@6263a550
[Architectury Transformer DEBUG]  - dev.architectury.transformer.transformers.RemapInjectables@e2ca988
[Architectury Transformer DEBUG]  - dev.architectury.plugin.transformers.AddRefmapName@7964b96d
[Architectury Transformer DEBUG]  - dev.architectury.transformer.transformers.TransformPlatformOnly@eb10706
[Architectury Transformer DEBUG] Transforming from /home/cutie/Dokumenty/gitrepositories/flowery-structures-promenade/common/build/devlibs/flowerypro-1-dev.jar to /home/cutie/Dokumenty/gitrepositories/flowery-structures-promenade/common/build/libs/flowerypro-1-transformProductionFabric.jar with 5 transformer(s) on dev.architectury.transformer.handler.SimpleTransformerHandler
[Architectury Transformer DEBUG] Remapping with 1 mapping provider(s):
[Architectury Transformer DEBUG]  - dev.architectury.transformer.transformers.RemapInjectables$$Lambda$1343/0x000000080153ca00@71077aa5
[Architectury Transformer DEBUG] Provided 57 classpath jar(s):
[Architectury Transformer DEBUG]  - /home/cutie/.gradle/caches/modules-2/files-2.1/dev.architectury/architectury-injectables/1.0.10/62db2a366d662606d1b23ad02ccc3212ed37ec3/architectury-injectables-1.0.10.jar
[Architectury Transformer DEBUG]  - /home/cutie/.gradle/caches/modules-2/files-2.1/net.fabricmc/fabric-loader/0.14.4/9fdefdb377f300d1f4dfb6b264a8b2e0b5725ecf/fabric-loader-0.14.4.jar
[Architectury Transformer DEBUG]  - /home/cutie/.gradle/caches/modules-2/files-2.1/org.jetbrains/annotations/23.0.0/8cc20c07506ec18e0834947b84a864bfc094484e/annotations-23.0.0.jar
[Architectury Transformer DEBUG]  - /home/cutie/.gradle/caches/modules-2/files-2.1/net.fabricmc/tiny-mappings-parser/0.3.0+build.17/2f10540a290e382a7cd35c16ec3900046a4e252/tiny-mappings-parser-0.3.0+build.17.jar
[Architectury Transformer DEBUG]  - /home/cutie/.gradle/caches/modules-2/files-2.1/net.fabricmc/sponge-mixin/0.11.2+mixin.0.8.5/f4ae569d559b5e3244b67321945261d83ff7ad8e/sponge-mixin-0.11.2+mixin.0.8.5.jar
[Architectury Transformer DEBUG]  - /home/cutie/.gradle/caches/modules-2/files-2.1/net.fabricmc/tiny-remapper/0.8.1/d220c092cd1446d5f2668b53e71abe23a12cb8cf/tiny-remapper-0.8.1.jar
[Architectury Transformer DEBUG]  - /home/cutie/.gradle/caches/modules-2/files-2.1/net.fabricmc/access-widener/2.1.0/f62a27adbfd8ab4d4fa5681793039f2c0b177155/access-widener-2.1.0.jar
[Architectury Transformer DEBUG]  - /home/cutie/.gradle/caches/modules-2/files-2.1/org.ow2.asm/asm/9.2/81a03f76019c67362299c40e0ba13405f5467bff/asm-9.2.jar
[Architectury Transformer DEBUG]  - /home/cutie/.gradle/caches/modules-2/files-2.1/org.ow2.asm/asm-analysis/9.2/7487dd756daf96cab9986e44b9d7bcb796a61c10/asm-analysis-9.2.jar
[Architectury Transformer DEBUG]  - /home/cutie/.gradle/caches/modules-2/files-2.1/org.ow2.asm/asm-commons/9.2/f4d7f0fc9054386f2893b602454d48e07d4fbead/asm-commons-9.2.jar
[Architectury Transformer DEBUG]  - /home/cutie/.gradle/caches/modules-2/files-2.1/org.ow2.asm/asm-tree/9.2/d96c99a30f5e1a19b0e609dbb19a44d8518ac01e/asm-tree-9.2.jar
[Architectury Transformer DEBUG]  - /home/cutie/.gradle/caches/modules-2/files-2.1/org.ow2.asm/asm-util/9.2/fbc178fc5ba3dab50fd7e8a5317b8b647c8e8946/asm-util-9.2.jar
[Architectury Transformer DEBUG]  - /home/cutie/.gradle/caches/modules-2/files-2.1/net.fabricmc/yarn/1.18.2+build.2/96bf7505abe44cd205434678ff39ad8c73c23f14/yarn-1.18.2+build.2-constants.jar
[Architectury Transformer DEBUG]  - /home/cutie/.gradle/caches/modules-2/files-2.1/com.mojang/patchy/2.2.10/da05971b07cbb379d002cf7eaec6a2048211fefc/patchy-2.2.10.jar
[Architectury Transformer DEBUG]  - /home/cutie/.gradle/caches/modules-2/files-2.1/com.mojang/blocklist/1.0.10/5c685c5ffa94c4cd39496c7184c1d122e515ecef/blocklist-1.0.10.jar
[Architectury Transformer DEBUG]  - /home/cutie/.gradle/caches/modules-2/files-2.1/com.ibm.icu/icu4j/70.1/dfa3a1fbc55bf5db8c6e79fc0935ac7ab1202950/icu4j-70.1.jar
[Architectury Transformer DEBUG]  - /home/cutie/.gradle/caches/modules-2/files-2.1/org.apache.httpcomponents/httpclient/4.5.13/e5f6cae5ca7ecaac1ec2827a9e2d65ae2869cada/httpclient-4.5.13.jar
[Architectury Transformer DEBUG]  - /home/cutie/.gradle/caches/modules-2/files-2.1/commons-codec/commons-codec/1.15/49d94806b6e3dc933dacbd8acb0fdbab8ebd1e5d/commons-codec-1.15.jar
[Architectury Transformer DEBUG]  - /home/cutie/.gradle/caches/modules-2/files-2.1/org.apache.commons/commons-compress/1.21/4ec95b60d4e86b5c95a0e919cb172a0af98011ef/commons-compress-1.21.jar
[Architectury Transformer DEBUG]  - /home/cutie/.gradle/caches/modules-2/files-2.1/commons-logging/commons-logging/1.2/4bfc12adfe4842bf07b657f0369c4cb522955686/commons-logging-1.2.jar
[Architectury Transformer DEBUG]  - /home/cutie/.gradle/caches/modules-2/files-2.1/org.apache.httpcomponents/httpcore/4.4.14/9dd1a631c082d92ecd4bd8fd4cf55026c720a8c1/httpcore-4.4.14.jar
[Architectury Transformer DEBUG]  - /home/cutie/.gradle/caches/modules-2/files-2.1/org.lwjgl/lwjgl-jemalloc/3.2.2/ee8e57a79300f78294576d87c4a587f8c99402e2/lwjgl-jemalloc-3.2.2.jar
[Architectury Transformer DEBUG]  - /home/cutie/.gradle/caches/modules-2/files-2.1/org.lwjgl/lwjgl-openal/3.2.2/2b772a102b0a11ee5f2109a5b136f4dc7c630827/lwjgl-openal-3.2.2.jar
[Architectury Transformer DEBUG]  - /home/cutie/.gradle/caches/modules-2/files-2.1/org.lwjgl/lwjgl-opengl/3.2.2/6ac5bb88b44c43ea195a570aab059f63da004cd8/lwjgl-opengl-3.2.2.jar
[Architectury Transformer DEBUG]  - /home/cutie/.gradle/caches/modules-2/files-2.1/org.lwjgl/lwjgl-glfw/3.2.2/d3ad4df38e400b8afba1de63f84338809399df5b/lwjgl-glfw-3.2.2.jar
[Architectury Transformer DEBUG]  - /home/cutie/.gradle/caches/modules-2/files-2.1/org.lwjgl/lwjgl-stb/3.2.2/3b8e6ebc5851dd3d17e37e5cadce2eff2a429f0f/lwjgl-stb-3.2.2.jar
[Architectury Transformer DEBUG]  - /home/cutie/.gradle/caches/modules-2/files-2.1/org.lwjgl/lwjgl-tinyfd/3.2.2/fcbe606c8f8da6f8f9a05e2c540eb1ee8632b0e9/lwjgl-tinyfd-3.2.2.jar
[Architectury Transformer DEBUG]  - /home/cutie/.gradle/caches/modules-2/files-2.1/org.lwjgl/lwjgl/3.2.2/8ad6294407e15780b43e84929c40e4c5e997972e/lwjgl-3.2.2.jar
[Architectury Transformer DEBUG]  - /home/cutie/.gradle/caches/modules-2/files-2.1/com.mojang/text2speech/1.12.4/1f618f522dbdd93218c270bcfd8f8dd84be31717/text2speech-1.12.4.jar
[Architectury Transformer DEBUG]  - /home/cutie/.gradle/caches/modules-2/files-2.1/ca.weblite/java-objc-bridge/1.0.0/6ef160c3133a78de015830860197602ca1c855d3/java-objc-bridge-1.0.0.jar
[Architectury Transformer DEBUG]  - /home/cutie/.gradle/caches/fabric-loom/1.18.2/net.fabricmc.yarn.1_18_2.1.18.2+build.2-v2/minecraft-merged-named.jar
[Architectury Transformer DEBUG]  - /home/cutie/.gradle/caches/modules-2/files-2.1/com.mojang/logging/1.0.0/f6ca3b2eee0b80b384e8ed93d368faecb82dfb9b/logging-1.0.0.jar
[Architectury Transformer DEBUG]  - /home/cutie/.gradle/caches/modules-2/files-2.1/com.github.oshi/oshi-core/5.8.5/1d0ec654d820741327f5a9229d513732a4b7ce50/oshi-core-5.8.5.jar
[Architectury Transformer DEBUG]  - /home/cutie/.gradle/caches/modules-2/files-2.1/net.java.dev.jna/jna-platform/5.10.0/fbed7d9669dba47714ad0d4f4454290a997aee69/jna-platform-5.10.0.jar
[Architectury Transformer DEBUG]  - /home/cutie/.gradle/caches/modules-2/files-2.1/net.java.dev.jna/jna/5.10.0/7cf4c87dd802db50721db66947aa237d7ad09418/jna-5.10.0.jar
[Architectury Transformer DEBUG]  - /home/cutie/.gradle/caches/modules-2/files-2.1/org.apache.logging.log4j/log4j-slf4j18-impl/2.17.0/bd7f6c0b9224dd214afb4e684957e2349b529a8d/log4j-slf4j18-impl-2.17.0.jar
[Architectury Transformer DEBUG]  - /home/cutie/.gradle/caches/modules-2/files-2.1/com.mojang/datafixerupper/4.1.27/a02c43824ce57c3f7a7d7e744f0d99a040398b5/datafixerupper-4.1.27.jar
[Architectury Transformer DEBUG]  - /home/cutie/.gradle/caches/modules-2/files-2.1/com.mojang/authlib/3.3.39/289405e70c0917eaeac017f7fba9adb4427baa36/authlib-3.3.39.jar
[Architectury Transformer DEBUG]  - /home/cutie/.gradle/caches/modules-2/files-2.1/org.slf4j/slf4j-api/1.8.0-beta4/83b0359d847ee053d745be7ec0d8e9e8a44304b4/slf4j-api-1.8.0-beta4.jar
[Architectury Transformer DEBUG]  - /home/cutie/.gradle/caches/modules-2/files-2.1/com.mojang/javabridge/1.2.24/c876796229b2ef5120f186eab5acc870699d3b9/javabridge-1.2.24.jar
[Architectury Transformer DEBUG]  - /home/cutie/.gradle/caches/modules-2/files-2.1/net.sf.jopt-simple/jopt-simple/5.0.4/4fdac2fbe92dfad86aa6e9301736f6b4342a3f5c/jopt-simple-5.0.4.jar
[Architectury Transformer DEBUG]  - /home/cutie/.gradle/caches/modules-2/files-2.1/io.netty/netty-all/4.1.68.Final/b8266a3c93c1c051109f71d3449e5dcd5d60b333/netty-all-4.1.68.Final.jar
[Architectury Transformer DEBUG]  - /home/cutie/.gradle/caches/modules-2/files-2.1/com.google.guava/guava/31.0.1-jre/119ea2b2bc205b138974d351777b20f02b92704b/guava-31.0.1-jre.jar
[Architectury Transformer DEBUG]  - /home/cutie/.gradle/caches/modules-2/files-2.1/com.google.guava/failureaccess/1.0.1/1dcf1de382a0bf95a3d8b0849546c88bac1292c9/failureaccess-1.0.1.jar
[Architectury Transformer DEBUG]  - /home/cutie/.gradle/caches/modules-2/files-2.1/org.apache.commons/commons-lang3/3.12.0/c6842c86792ff03b9f1d1fe2aab8dc23aa6c6f0e/commons-lang3-3.12.0.jar
[Architectury Transformer DEBUG]  - /home/cutie/.gradle/caches/modules-2/files-2.1/commons-io/commons-io/2.11.0/a2503f302b11ebde7ebc3df41daebe0e4eea3689/commons-io-2.11.0.jar
[Architectury Transformer DEBUG]  - /home/cutie/.gradle/caches/modules-2/files-2.1/com.mojang/brigadier/1.0.18/c1ef1234282716483c92183f49bef47b1a89bfa9/brigadier-1.0.18.jar
[Architectury Transformer DEBUG]  - /home/cutie/.gradle/caches/modules-2/files-2.1/com.google.code.gson/gson/2.8.9/8a432c1d6825781e21a02db2e2c33c5fde2833b9/gson-2.8.9.jar
[Architectury Transformer DEBUG]  - /home/cutie/.gradle/caches/modules-2/files-2.1/it.unimi.dsi/fastutil/8.5.6/76f95700418a68fbc4ac050525261f05dc681ca1/fastutil-8.5.6.jar
[Architectury Transformer DEBUG]  - /home/cutie/.gradle/caches/modules-2/files-2.1/org.apache.logging.log4j/log4j-core/2.17.0/fe6e7a32c1228884b9691a744f953a55d0dd8ead/log4j-core-2.17.0.jar
[Architectury Transformer DEBUG]  - /home/cutie/.gradle/caches/modules-2/files-2.1/org.apache.logging.log4j/log4j-api/2.17.0/bbd791e9c8c9421e45337c4fe0a10851c086e36c/log4j-api-2.17.0.jar
[Architectury Transformer DEBUG]  - /home/cutie/Dokumenty/gitrepositories/flowery-structures-promenade/.gradle/loom-cache/remapped_mods/net_fabricmc_yarn_1_18_2_1_18_2_build_2_v2/net/fabricmc/fabric-loader/0.13.3/fabric-loader-0.13.3.jar
[Architectury Transformer DEBUG]  - /home/cutie/.gradle/caches/modules-2/files-2.1/com.google.guava/listenablefuture/9999.0-empty-to-avoid-conflict-with-guava/b421526c5f297295adef1c886e5246c39d4ac629/listenablefuture-9999.0-empty-to-avoid-conflict-with-guava.jar
[Architectury Transformer DEBUG]  - /home/cutie/.gradle/caches/modules-2/files-2.1/com.google.code.findbugs/jsr305/3.0.2/25ea2e8b0c338a877313bd4672d3fe056ea78f0d/jsr305-3.0.2.jar
[Architectury Transformer DEBUG]  - /home/cutie/.gradle/caches/modules-2/files-2.1/org.checkerframework/checker-qual/3.12.0/d5692f0526415fcc6de94bb5bfbd3afd9dd3b3e5/checker-qual-3.12.0.jar
[Architectury Transformer DEBUG]  - /home/cutie/.gradle/caches/modules-2/files-2.1/com.google.errorprone/error_prone_annotations/2.7.1/458d9042f7aa6fa9a634df902b37f544e15aacac/error_prone_annotations-2.7.1.jar
[Architectury Transformer DEBUG]  - /home/cutie/.gradle/caches/modules-2/files-2.1/com.google.j2objc/j2objc-annotations/1.3/ba035118bc8bac37d7eff77700720999acd9986d/j2objc-annotations-1.3.jar
[Architectury Transformer] Read classpath in 1.149 s
[Architectury Transformer DEBUG] Remapping Classes:
[Architectury Transformer DEBUG] dev/architectury/injectables/targets/ArchitecturyTarget -> architectury_inject_flowerypromenade_common_665eff48fbd94d26acaa5576c128df24_0c860632f7684f9c34216282584390cc02c0e71e9fe551a01b5d0d817ebde84fflowerypro1devjar/PlatformMethods
[Architectury Transformer DEBUG] Found class transformer
[Architectury Transformer DEBUG] Closing File Systems for /home/cutie/Dokumenty/gitrepositories/flowery-structures-promenade/common/build/libs/flowerypro-1-transformProductionFabric.jar
[Architectury Transformer] Transformed jar with 5 transformer(s) in 1.473 s
[Architectury Transformer DEBUG] 
[Architectury Transformer DEBUG] ============================
[Architectury Transformer DEBUG] Transforming from /home/cutie/Dokumenty/gitrepositories/flowery-structures-promenade/common/build/devlibs/flowerypro-1-dev.jar to /home/cutie/Dokumenty/gitrepositories/flowery-structures-promenade/common/build/libs/flowerypro-1-transformProductionForge.jar
[Architectury Transformer DEBUG] ============================
[Architectury Transformer DEBUG] 
[Architectury Transformer DEBUG] Transforming 7 transformer(s) from /home/cutie/Dokumenty/gitrepositories/flowery-structures-promenade/common/build/devlibs/flowerypro-1-dev.jar to /home/cutie/Dokumenty/gitrepositories/flowery-structures-promenade/common/build/libs/flowerypro-1-transformProductionForge.jar: 
[Architectury Transformer DEBUG]  - dev.architectury.transformer.transformers.TransformExpectPlatform@1c260736
[Architectury Transformer DEBUG]  - dev.architectury.transformer.transformers.RemapInjectables@59248ad6
[Architectury Transformer DEBUG]  - dev.architectury.plugin.transformers.AddRefmapName@3cfd61e8
[Architectury Transformer DEBUG]  - dev.architectury.transformer.transformers.TransformPlatformOnly@68379072
[Architectury Transformer DEBUG]  - dev.architectury.transformer.transformers.TransformForgeAnnotations@440425f5
[Architectury Transformer DEBUG]  - dev.architectury.transformer.transformers.TransformForgeEnvironment@390b7599
[Architectury Transformer DEBUG]  - dev.architectury.transformer.transformers.FixForgeMixin@6e2eb171
[Architectury Transformer DEBUG] Transforming from /home/cutie/Dokumenty/gitrepositories/flowery-structures-promenade/common/build/devlibs/flowerypro-1-dev.jar to /home/cutie/Dokumenty/gitrepositories/flowery-structures-promenade/common/build/libs/flowerypro-1-transformProductionForge.jar with 7 transformer(s) on dev.architectury.transformer.handler.SimpleTransformerHandler
[Architectury Transformer DEBUG] Remapping with 2 mapping provider(s):
[Architectury Transformer DEBUG]  - dev.architectury.transformer.transformers.TransformForgeEnvironment$$Lambda$1515/0x000000080160bc08@75df4418
[Architectury Transformer DEBUG]  - dev.architectury.transformer.transformers.RemapInjectables$$Lambda$1343/0x000000080153ca00@3ace08c6
[Architectury Transformer DEBUG] Provided 57 classpath jar(s):
[Architectury Transformer DEBUG]  - /home/cutie/.gradle/caches/modules-2/files-2.1/dev.architectury/architectury-injectables/1.0.10/62db2a366d662606d1b23ad02ccc3212ed37ec3/architectury-injectables-1.0.10.jar
[Architectury Transformer DEBUG]  - /home/cutie/.gradle/caches/modules-2/files-2.1/net.fabricmc/fabric-loader/0.14.4/9fdefdb377f300d1f4dfb6b264a8b2e0b5725ecf/fabric-loader-0.14.4.jar
[Architectury Transformer DEBUG]  - /home/cutie/.gradle/caches/modules-2/files-2.1/org.jetbrains/annotations/23.0.0/8cc20c07506ec18e0834947b84a864bfc094484e/annotations-23.0.0.jar
[Architectury Transformer DEBUG]  - /home/cutie/.gradle/caches/modules-2/files-2.1/net.fabricmc/tiny-mappings-parser/0.3.0+build.17/2f10540a290e382a7cd35c16ec3900046a4e252/tiny-mappings-parser-0.3.0+build.17.jar
[Architectury Transformer DEBUG]  - /home/cutie/.gradle/caches/modules-2/files-2.1/net.fabricmc/sponge-mixin/0.11.2+mixin.0.8.5/f4ae569d559b5e3244b67321945261d83ff7ad8e/sponge-mixin-0.11.2+mixin.0.8.5.jar
[Architectury Transformer DEBUG]  - /home/cutie/.gradle/caches/modules-2/files-2.1/net.fabricmc/tiny-remapper/0.8.1/d220c092cd1446d5f2668b53e71abe23a12cb8cf/tiny-remapper-0.8.1.jar
[Architectury Transformer DEBUG]  - /home/cutie/.gradle/caches/modules-2/files-2.1/net.fabricmc/access-widener/2.1.0/f62a27adbfd8ab4d4fa5681793039f2c0b177155/access-widener-2.1.0.jar
[Architectury Transformer DEBUG]  - /home/cutie/.gradle/caches/modules-2/files-2.1/org.ow2.asm/asm/9.2/81a03f76019c67362299c40e0ba13405f5467bff/asm-9.2.jar
[Architectury Transformer DEBUG]  - /home/cutie/.gradle/caches/modules-2/files-2.1/org.ow2.asm/asm-analysis/9.2/7487dd756daf96cab9986e44b9d7bcb796a61c10/asm-analysis-9.2.jar
[Architectury Transformer DEBUG]  - /home/cutie/.gradle/caches/modules-2/files-2.1/org.ow2.asm/asm-commons/9.2/f4d7f0fc9054386f2893b602454d48e07d4fbead/asm-commons-9.2.jar
[Architectury Transformer DEBUG]  - /home/cutie/.gradle/caches/modules-2/files-2.1/org.ow2.asm/asm-tree/9.2/d96c99a30f5e1a19b0e609dbb19a44d8518ac01e/asm-tree-9.2.jar
[Architectury Transformer DEBUG]  - /home/cutie/.gradle/caches/modules-2/files-2.1/org.ow2.asm/asm-util/9.2/fbc178fc5ba3dab50fd7e8a5317b8b647c8e8946/asm-util-9.2.jar
[Architectury Transformer DEBUG]  - /home/cutie/.gradle/caches/modules-2/files-2.1/net.fabricmc/yarn/1.18.2+build.2/96bf7505abe44cd205434678ff39ad8c73c23f14/yarn-1.18.2+build.2-constants.jar
[Architectury Transformer DEBUG]  - /home/cutie/.gradle/caches/modules-2/files-2.1/com.mojang/patchy/2.2.10/da05971b07cbb379d002cf7eaec6a2048211fefc/patchy-2.2.10.jar
[Architectury Transformer DEBUG]  - /home/cutie/.gradle/caches/modules-2/files-2.1/com.mojang/blocklist/1.0.10/5c685c5ffa94c4cd39496c7184c1d122e515ecef/blocklist-1.0.10.jar
[Architectury Transformer DEBUG]  - /home/cutie/.gradle/caches/modules-2/files-2.1/com.ibm.icu/icu4j/70.1/dfa3a1fbc55bf5db8c6e79fc0935ac7ab1202950/icu4j-70.1.jar
[Architectury Transformer DEBUG]  - /home/cutie/.gradle/caches/modules-2/files-2.1/org.apache.httpcomponents/httpclient/4.5.13/e5f6cae5ca7ecaac1ec2827a9e2d65ae2869cada/httpclient-4.5.13.jar
[Architectury Transformer DEBUG]  - /home/cutie/.gradle/caches/modules-2/files-2.1/commons-codec/commons-codec/1.15/49d94806b6e3dc933dacbd8acb0fdbab8ebd1e5d/commons-codec-1.15.jar
[Architectury Transformer DEBUG]  - /home/cutie/.gradle/caches/modules-2/files-2.1/org.apache.commons/commons-compress/1.21/4ec95b60d4e86b5c95a0e919cb172a0af98011ef/commons-compress-1.21.jar
[Architectury Transformer DEBUG]  - /home/cutie/.gradle/caches/modules-2/files-2.1/commons-logging/commons-logging/1.2/4bfc12adfe4842bf07b657f0369c4cb522955686/commons-logging-1.2.jar
[Architectury Transformer DEBUG]  - /home/cutie/.gradle/caches/modules-2/files-2.1/org.apache.httpcomponents/httpcore/4.4.14/9dd1a631c082d92ecd4bd8fd4cf55026c720a8c1/httpcore-4.4.14.jar
[Architectury Transformer DEBUG]  - /home/cutie/.gradle/caches/modules-2/files-2.1/org.lwjgl/lwjgl-jemalloc/3.2.2/ee8e57a79300f78294576d87c4a587f8c99402e2/lwjgl-jemalloc-3.2.2.jar
[Architectury Transformer DEBUG]  - /home/cutie/.gradle/caches/modules-2/files-2.1/org.lwjgl/lwjgl-openal/3.2.2/2b772a102b0a11ee5f2109a5b136f4dc7c630827/lwjgl-openal-3.2.2.jar
[Architectury Transformer DEBUG]  - /home/cutie/.gradle/caches/modules-2/files-2.1/org.lwjgl/lwjgl-opengl/3.2.2/6ac5bb88b44c43ea195a570aab059f63da004cd8/lwjgl-opengl-3.2.2.jar
[Architectury Transformer DEBUG]  - /home/cutie/.gradle/caches/modules-2/files-2.1/org.lwjgl/lwjgl-glfw/3.2.2/d3ad4df38e400b8afba1de63f84338809399df5b/lwjgl-glfw-3.2.2.jar
[Architectury Transformer DEBUG]  - /home/cutie/.gradle/caches/modules-2/files-2.1/org.lwjgl/lwjgl-stb/3.2.2/3b8e6ebc5851dd3d17e37e5cadce2eff2a429f0f/lwjgl-stb-3.2.2.jar
[Architectury Transformer DEBUG]  - /home/cutie/.gradle/caches/modules-2/files-2.1/org.lwjgl/lwjgl-tinyfd/3.2.2/fcbe606c8f8da6f8f9a05e2c540eb1ee8632b0e9/lwjgl-tinyfd-3.2.2.jar
[Architectury Transformer DEBUG]  - /home/cutie/.gradle/caches/modules-2/files-2.1/org.lwjgl/lwjgl/3.2.2/8ad6294407e15780b43e84929c40e4c5e997972e/lwjgl-3.2.2.jar
[Architectury Transformer DEBUG]  - /home/cutie/.gradle/caches/modules-2/files-2.1/com.mojang/text2speech/1.12.4/1f618f522dbdd93218c270bcfd8f8dd84be31717/text2speech-1.12.4.jar
[Architectury Transformer DEBUG]  - /home/cutie/.gradle/caches/modules-2/files-2.1/ca.weblite/java-objc-bridge/1.0.0/6ef160c3133a78de015830860197602ca1c855d3/java-objc-bridge-1.0.0.jar
[Architectury Transformer DEBUG]  - /home/cutie/.gradle/caches/fabric-loom/1.18.2/net.fabricmc.yarn.1_18_2.1.18.2+build.2-v2/minecraft-merged-named.jar
[Architectury Transformer DEBUG]  - /home/cutie/.gradle/caches/modules-2/files-2.1/com.mojang/logging/1.0.0/f6ca3b2eee0b80b384e8ed93d368faecb82dfb9b/logging-1.0.0.jar
[Architectury Transformer DEBUG]  - /home/cutie/.gradle/caches/modules-2/files-2.1/com.github.oshi/oshi-core/5.8.5/1d0ec654d820741327f5a9229d513732a4b7ce50/oshi-core-5.8.5.jar
[Architectury Transformer DEBUG]  - /home/cutie/.gradle/caches/modules-2/files-2.1/net.java.dev.jna/jna-platform/5.10.0/fbed7d9669dba47714ad0d4f4454290a997aee69/jna-platform-5.10.0.jar
[Architectury Transformer DEBUG]  - /home/cutie/.gradle/caches/modules-2/files-2.1/net.java.dev.jna/jna/5.10.0/7cf4c87dd802db50721db66947aa237d7ad09418/jna-5.10.0.jar
[Architectury Transformer DEBUG]  - /home/cutie/.gradle/caches/modules-2/files-2.1/org.apache.logging.log4j/log4j-slf4j18-impl/2.17.0/bd7f6c0b9224dd214afb4e684957e2349b529a8d/log4j-slf4j18-impl-2.17.0.jar
[Architectury Transformer DEBUG]  - /home/cutie/.gradle/caches/modules-2/files-2.1/com.mojang/datafixerupper/4.1.27/a02c43824ce57c3f7a7d7e744f0d99a040398b5/datafixerupper-4.1.27.jar
[Architectury Transformer DEBUG]  - /home/cutie/.gradle/caches/modules-2/files-2.1/com.mojang/authlib/3.3.39/289405e70c0917eaeac017f7fba9adb4427baa36/authlib-3.3.39.jar
[Architectury Transformer DEBUG]  - /home/cutie/.gradle/caches/modules-2/files-2.1/org.slf4j/slf4j-api/1.8.0-beta4/83b0359d847ee053d745be7ec0d8e9e8a44304b4/slf4j-api-1.8.0-beta4.jar
[Architectury Transformer DEBUG]  - /home/cutie/.gradle/caches/modules-2/files-2.1/com.mojang/javabridge/1.2.24/c876796229b2ef5120f186eab5acc870699d3b9/javabridge-1.2.24.jar
[Architectury Transformer DEBUG]  - /home/cutie/.gradle/caches/modules-2/files-2.1/net.sf.jopt-simple/jopt-simple/5.0.4/4fdac2fbe92dfad86aa6e9301736f6b4342a3f5c/jopt-simple-5.0.4.jar
[Architectury Transformer DEBUG]  - /home/cutie/.gradle/caches/modules-2/files-2.1/io.netty/netty-all/4.1.68.Final/b8266a3c93c1c051109f71d3449e5dcd5d60b333/netty-all-4.1.68.Final.jar
[Architectury Transformer DEBUG]  - /home/cutie/.gradle/caches/modules-2/files-2.1/com.google.guava/guava/31.0.1-jre/119ea2b2bc205b138974d351777b20f02b92704b/guava-31.0.1-jre.jar
[Architectury Transformer DEBUG]  - /home/cutie/.gradle/caches/modules-2/files-2.1/com.google.guava/failureaccess/1.0.1/1dcf1de382a0bf95a3d8b0849546c88bac1292c9/failureaccess-1.0.1.jar
[Architectury Transformer DEBUG]  - /home/cutie/.gradle/caches/modules-2/files-2.1/org.apache.commons/commons-lang3/3.12.0/c6842c86792ff03b9f1d1fe2aab8dc23aa6c6f0e/commons-lang3-3.12.0.jar
[Architectury Transformer DEBUG]  - /home/cutie/.gradle/caches/modules-2/files-2.1/commons-io/commons-io/2.11.0/a2503f302b11ebde7ebc3df41daebe0e4eea3689/commons-io-2.11.0.jar
[Architectury Transformer DEBUG]  - /home/cutie/.gradle/caches/modules-2/files-2.1/com.mojang/brigadier/1.0.18/c1ef1234282716483c92183f49bef47b1a89bfa9/brigadier-1.0.18.jar
[Architectury Transformer DEBUG]  - /home/cutie/.gradle/caches/modules-2/files-2.1/com.google.code.gson/gson/2.8.9/8a432c1d6825781e21a02db2e2c33c5fde2833b9/gson-2.8.9.jar
[Architectury Transformer DEBUG]  - /home/cutie/.gradle/caches/modules-2/files-2.1/it.unimi.dsi/fastutil/8.5.6/76f95700418a68fbc4ac050525261f05dc681ca1/fastutil-8.5.6.jar
[Architectury Transformer DEBUG]  - /home/cutie/.gradle/caches/modules-2/files-2.1/org.apache.logging.log4j/log4j-core/2.17.0/fe6e7a32c1228884b9691a744f953a55d0dd8ead/log4j-core-2.17.0.jar
[Architectury Transformer DEBUG]  - /home/cutie/.gradle/caches/modules-2/files-2.1/org.apache.logging.log4j/log4j-api/2.17.0/bbd791e9c8c9421e45337c4fe0a10851c086e36c/log4j-api-2.17.0.jar
[Architectury Transformer DEBUG]  - /home/cutie/Dokumenty/gitrepositories/flowery-structures-promenade/.gradle/loom-cache/remapped_mods/net_fabricmc_yarn_1_18_2_1_18_2_build_2_v2/net/fabricmc/fabric-loader/0.13.3/fabric-loader-0.13.3.jar
[Architectury Transformer DEBUG]  - /home/cutie/.gradle/caches/modules-2/files-2.1/com.google.guava/listenablefuture/9999.0-empty-to-avoid-conflict-with-guava/b421526c5f297295adef1c886e5246c39d4ac629/listenablefuture-9999.0-empty-to-avoid-conflict-with-guava.jar
[Architectury Transformer DEBUG]  - /home/cutie/.gradle/caches/modules-2/files-2.1/com.google.code.findbugs/jsr305/3.0.2/25ea2e8b0c338a877313bd4672d3fe056ea78f0d/jsr305-3.0.2.jar
[Architectury Transformer DEBUG]  - /home/cutie/.gradle/caches/modules-2/files-2.1/org.checkerframework/checker-qual/3.12.0/d5692f0526415fcc6de94bb5bfbd3afd9dd3b3e5/checker-qual-3.12.0.jar
[Architectury Transformer DEBUG]  - /home/cutie/.gradle/caches/modules-2/files-2.1/com.google.errorprone/error_prone_annotations/2.7.1/458d9042f7aa6fa9a634df902b37f544e15aacac/error_prone_annotations-2.7.1.jar
[Architectury Transformer DEBUG]  - /home/cutie/.gradle/caches/modules-2/files-2.1/com.google.j2objc/j2objc-annotations/1.3/ba035118bc8bac37d7eff77700720999acd9986d/j2objc-annotations-1.3.jar
[Architectury Transformer] Read classpath in 728.4 ms
[Architectury Transformer DEBUG] Remapping Classes:
[Architectury Transformer DEBUG] net/fabricmc/api/EnvType -> net/minecraftforge/api/distmarker/Dist
[Architectury Transformer DEBUG] net/fabricmc/api/Environment -> net/minecraftforge/api/distmarker/OnlyIn
[Architectury Transformer DEBUG] dev/architectury/injectables/targets/ArchitecturyTarget -> architectury_inject_flowerypromenade_common_665eff48fbd94d26acaa5576c128df24_0c860632f7684f9c34216282584390cc02c0e71e9fe551a01b5d0d817ebde84fflowerypro1devjar/PlatformMethods
[Architectury Transformer DEBUG] Found class transformer
[Architectury Transformer DEBUG] Injecting MixinConfigs into /META-INF/MANIFEST.MF
[Architectury Transformer DEBUG] Remapping refmap from intermediary to srg: flowerypro-common-refmap.json
[Architectury Transformer DEBUG] Closing File Systems for /home/cutie/Dokumenty/gitrepositories/flowery-structures-promenade/common/build/libs/flowerypro-1-transformProductionForge.jar
[Architectury Transformer] Transformed jar with 7 transformer(s) in 1.023 s
[Architectury Transformer DEBUG] Closing File Systems for /home/cutie/Dokumenty/gitrepositories/flowery-structures-promenade/common/build/libs/flowerypro-1.jar
