[11:38:34] [main/INFO] (FabricLoader/GameProvider) Loading Minecraft 1.18.2 with Fabric Loader 0.13.3
[11:38:34] [main/DEBUG] (FabricLoader/GameRemap) Requesting deobfuscation of {client=/home/cutie/Dokumenty/gitrepositories/core/.gradle/loom-cache/1.18.2/loom.mappings.1_18_2.layered+hash.40359-v2/minecraft-project-@fabric-merged-named.jar}
[11:38:34] [main/DEBUG] (FabricLoader/GamePatch) Found game constructor: net.minecraft.client.main.Main -> net.minecraft.client.Minecraft
[11:38:34] [main/DEBUG] (FabricLoader/GamePatch) Patching game constructor <init>(Lnet/minecraft/client/main/GameConfig;)V
[11:38:34] [main/DEBUG] (FabricLoader/GamePatch) Run directory field is thought to be net/minecraft/client/Minecraft/gameDirectory
[11:38:34] [main/DEBUG] (FabricLoader/GamePatch) Applying brand name hook to net/minecraft/client/ClientBrandRetriever::getClientModName
[11:38:34] [main/DEBUG] (FabricLoader/GamePatch) Applying brand name hook to net/minecraft/server/MinecraftServer::getServerModName
[11:38:34] [main/DEBUG] (FabricLoader/GamePatch) Patched 3 classs
[11:38:34] [main/DEBUG] (FabricLoader/Discovery) Mod discovery time: 59,0 ms
[11:38:34] [main/WARN] (FabricLoader/Resolution) Mod resolution failed
[11:38:34] [main/INFO] (FabricLoader/Resolution) Immediate reason: [HARD_DEP_NO_CANDIDATE flowerycore 1 {depends fabric-language-kotlin @ [*]}, ROOT_FORCELOAD_SINGLE flowerycore 1]
[11:38:34] [main/INFO] (FabricLoader/Resolution) Reason: [HARD_DEP flowerycore 1 {depends fabric-language-kotlin @ [*]}]
[11:38:34] [main/INFO] (FabricLoader/Resolution) Fix: add [add:fabric-language-kotlin 1 ([(-∞,∞)])], remove [], replace []
[11:38:34] [main/ERROR] (FabricLoader) Incompatible mod set!
net.fabricmc.loader.impl.FormattedException: Mod resolution encountered an incompatible mod set!
A potential solution has been determined:
	 - Install fabric-language-kotlin, any version.
Unmet dependency listing:
	 - Mod 'Flowery Core' (flowerycore) 1 requires any version of fabric-language-kotlin, which is missing!
	at net.fabricmc.loader.impl.FabricLoaderImpl.load(FabricLoaderImpl.java:190) ~[fabric-loader-0.13.3.jar:?]
	at net.fabricmc.loader.impl.launch.knot.Knot.init(Knot.java:142) ~[fabric-loader-0.13.3.jar:?]
	at net.fabricmc.loader.impl.launch.knot.Knot.launch(Knot.java:71) [fabric-loader-0.13.3.jar:?]
	at net.fabricmc.loader.impl.launch.knot.KnotClient.main(KnotClient.java:23) [fabric-loader-0.13.3.jar:?]
	at net.fabricmc.devlaunchinjector.Main.main(Main.java:86) [dev-launch-injector-0.2.1+build.8.jar:?]
	at dev.architectury.transformer.TransformerRuntime.main(TransformerRuntime.java:217) [architectury-transformer-5.2.61-runtime.jar:5.2.61]
