[Architectury Transformer] Architectury Runtime 5.2.61
[Architectury Transformer DEBUG] Closing File Systems for /home/cutie/Dokumenty/gitrepositories/core/common/build/devlibs/flowerycore-1-dev.jar
[Architectury Transformer DEBUG] Preparing tiny remapper prepared transformer: dev.architectury.transformer.handler.TinyRemapperPreparedTransformerHandler
[Architectury Transformer DEBUG] Provided 94 classpath jar(s):
[Architectury Transformer DEBUG]  - /home/cutie/.gradle/caches/fabric-loom/1.18.2/forge/1.18.2-40.0.40/forge-client-extra.jar
[Architectury Transformer DEBUG]  - /home/cutie/.gradle/caches/modules-2/files-2.1/dev.architectury/architectury-injectables/1.0.10/62db2a366d662606d1b23ad02ccc3212ed37ec3/architectury-injectables-1.0.10.jar
[Architectury Transformer DEBUG]  - /home/cutie/.gradle/caches/modules-2/files-2.1/net.fabricmc/fabric-loader/0.13.3/a91fc6ea7a5e8c3140dfaf34aeadb43ce2f38fe2/fabric-loader-0.13.3.jar
[Architectury Transformer DEBUG]  - /home/cutie/.gradle/caches/modules-2/files-2.1/thedarkcolour/kotlinforforge/3.0.0/87d613ff7afc06e6176956094d42eedfcbec372/kotlinforforge-3.0.0.jar
[Architectury Transformer DEBUG]  - /home/cutie/.gradle/caches/modules-2/files-2.1/org.jetbrains.kotlinx/kotlinx-coroutines-core/1.5.2/b69812855f235ec832341b48e721a5e62e7a888c/kotlinx-coroutines-core-1.5.2.jar
[Architectury Transformer DEBUG]  - /home/cutie/.gradle/caches/modules-2/files-2.1/org.jetbrains.kotlinx/kotlinx-coroutines-jdk8/1.5.2/9c62137ef8ed62459f7a412bfc9884e2c6ca15d6/kotlinx-coroutines-jdk8-1.5.2.jar
[Architectury Transformer DEBUG]  - /home/cutie/.gradle/caches/modules-2/files-2.1/org.jetbrains.kotlinx/kotlinx-coroutines-core-jvm/1.5.2/f4cc07a50437659e0043e7da762809a46932b6a0/kotlinx-coroutines-core-jvm-1.5.2.jar
[Architectury Transformer DEBUG]  - /home/cutie/.gradle/caches/modules-2/files-2.1/org.jetbrains.kotlin/kotlin-stdlib-jdk8/1.6.0/baf82c475e9372c25407f3d132439e4aa803b8b8/kotlin-stdlib-jdk8-1.6.0.jar
[Architectury Transformer DEBUG]  - /home/cutie/.gradle/caches/modules-2/files-2.1/org.jetbrains.kotlin/kotlin-stdlib-jdk7/1.6.0/da6bdc87391322974a43ccc00a25536ae74dad51/kotlin-stdlib-jdk7-1.6.0.jar
[Architectury Transformer DEBUG]  - /home/cutie/.gradle/caches/modules-2/files-2.1/org.jetbrains.kotlin/kotlin-reflect/1.6.0/a215a7f914d5916dc5fd2d45cea16524e0220203/kotlin-reflect-1.6.0.jar
[Architectury Transformer DEBUG]  - /home/cutie/.gradle/caches/modules-2/files-2.1/org.jetbrains.kotlinx/kotlinx-serialization-json/1.3.1/7feaec1d2212e72f396bb7abf409354646dc0568/kotlinx-serialization-json-1.3.1.jar
[Architectury Transformer DEBUG]  - /home/cutie/.gradle/caches/modules-2/files-2.1/org.jetbrains.kotlinx/kotlinx-serialization-json-jvm/1.3.1/4e713ce651ad6411c8bfe9005a3ca5e69f0a8865/kotlinx-serialization-json-jvm-1.3.1.jar
[Architectury Transformer DEBUG]  - /home/cutie/.gradle/caches/modules-2/files-2.1/org.jetbrains.kotlinx/kotlinx-serialization-core-jvm/1.3.1/a108188c00995a2b0ce1dcb19bb5f2d7f7737017/kotlinx-serialization-core-jvm-1.3.1.jar
[Architectury Transformer DEBUG]  - /home/cutie/.gradle/caches/modules-2/files-2.1/org.jetbrains.kotlin/kotlin-stdlib/1.6.0/a40b8b22529b733892edf4b73468ce598bb17f04/kotlin-stdlib-1.6.0.jar
[Architectury Transformer DEBUG]  - /home/cutie/.gradle/caches/modules-2/files-2.1/org.jetbrains/annotations/23.0.0/8cc20c07506ec18e0834947b84a864bfc094484e/annotations-23.0.0.jar
[Architectury Transformer DEBUG]  - /home/cutie/.gradle/caches/transforms-3/ef2392ca9dbb2949d8e86c7e6ebc22cd/transformed/alfd-transformed/javafmllanguage-1.18.2-40.0.40.jar
[Architectury Transformer DEBUG]  - /home/cutie/.gradle/caches/transforms-3/907237b735c6b5c774faf43e28c5596c/transformed/alfd-transformed/mclanguage-1.18.2-40.0.40.jar
[Architectury Transformer DEBUG]  - /home/cutie/.gradle/caches/transforms-3/83796646e426874a0d1dd24ef3b6799e/transformed/alfd-transformed/fmlcore-1.18.2-40.0.40.jar
[Architectury Transformer DEBUG]  - /home/cutie/.gradle/caches/transforms-3/e67507b4e376b13aed6184f02c6f0079/transformed/alfd-transformed/fmlloader-1.18.2-40.0.40.jar
[Architectury Transformer DEBUG]  - /home/cutie/.gradle/caches/modules-2/files-2.1/com.mojang/patchy/2.2.10/da05971b07cbb379d002cf7eaec6a2048211fefc/patchy-2.2.10.jar
[Architectury Transformer DEBUG]  - /home/cutie/.gradle/caches/modules-2/files-2.1/com.mojang/text2speech/1.12.4/1f618f522dbdd93218c270bcfd8f8dd84be31717/text2speech-1.12.4.jar
[Architectury Transformer DEBUG]  - /home/cutie/.gradle/caches/modules-2/files-2.1/com.mojang/datafixerupper/4.1.27/a02c43824ce57c3f7a7d7e744f0d99a040398b5/datafixerupper-4.1.27.jar
[Architectury Transformer DEBUG]  - /home/cutie/.gradle/caches/modules-2/files-2.1/com.mojang/authlib/3.3.39/289405e70c0917eaeac017f7fba9adb4427baa36/authlib-3.3.39.jar
[Architectury Transformer DEBUG]  - /home/cutie/.gradle/caches/modules-2/files-2.1/com.google.guava/guava/31.0.1-jre/119ea2b2bc205b138974d351777b20f02b92704b/guava-31.0.1-jre.jar
[Architectury Transformer DEBUG]  - /home/cutie/.gradle/caches/modules-2/files-2.1/com.google.code.findbugs/jsr305/3.0.2/25ea2e8b0c338a877313bd4672d3fe056ea78f0d/jsr305-3.0.2.jar
[Architectury Transformer DEBUG]  - /home/cutie/.gradle/caches/transforms-3/84e34d8db438ca41f3486f1ce5d4286e/transformed/alfd-transformed/accesstransformers-8.0.4.jar
[Architectury Transformer DEBUG]  - /home/cutie/.gradle/caches/transforms-3/caee9586d187418d947044783bb2a126/transformed/alfd-transformed/coremods-5.0.2.jar
[Architectury Transformer DEBUG]  - /home/cutie/.gradle/caches/transforms-3/05322f3dacbd1ed5940da0006a42dfb9/transformed/alfd-transformed/forgespi-4.0.11.jar
[Architectury Transformer DEBUG]  - /home/cutie/.gradle/caches/transforms-3/e8b8c2e26d4a1812e91a5a241cb8c7cc/transformed/alfd-transformed/eventbus-5.0.7.jar
[Architectury Transformer DEBUG]  - /home/cutie/.gradle/caches/transforms-3/9cc18f37244b7eaa9d6376815fa17bb9/transformed/alfd-transformed/modlauncher-9.1.3.jar
[Architectury Transformer DEBUG]  - /home/cutie/.gradle/caches/transforms-3/fcf2265d8341cfcd26b0d880bb9a6215/transformed/alfd-transformed/bootstraplauncher-1.0.0.jar
[Architectury Transformer DEBUG]  - /home/cutie/.gradle/caches/transforms-3/7110ba51b8774e5e4dcb6b6700b97531/transformed/alfd-transformed/securejarhandler-1.0.4.jar
[Architectury Transformer DEBUG]  - /home/cutie/.gradle/caches/transforms-3/5c5a4679425e366e30b7203e81442ced/transformed/alfd-transformed/nashorn-core-15.3.jar
[Architectury Transformer DEBUG]  - /home/cutie/.gradle/caches/transforms-3/712b6e87780fe8ee66e056813fa02736/transformed/alfd-transformed/asm-commons-9.2.jar
[Architectury Transformer DEBUG]  - /home/cutie/.gradle/caches/transforms-3/776e579f2e9ed2b9d4573a30dbbfa506/transformed/alfd-transformed/asm-util-9.2.jar
[Architectury Transformer DEBUG]  - /home/cutie/.gradle/caches/transforms-3/41e339bdce811b6e0df9c7e69b814af8/transformed/alfd-transformed/asm-analysis-9.2.jar
[Architectury Transformer DEBUG]  - /home/cutie/.gradle/caches/transforms-3/f38822f4777dc8e7ca956cea2133234c/transformed/alfd-transformed/asm-tree-9.2.jar
[Architectury Transformer DEBUG]  - /home/cutie/.gradle/caches/transforms-3/17caac91e131e8197434cdf080c9bd5f/transformed/alfd-transformed/asm-9.2.jar
[Architectury Transformer DEBUG]  - /home/cutie/.gradle/caches/modules-2/files-2.1/org.antlr/antlr4/4.9.1/e92af8ab33e428461927b484e90bb155a4f3a052/antlr4-4.9.1.jar
[Architectury Transformer DEBUG]  - /home/cutie/.gradle/caches/transforms-3/d9f7b6640ef7a9121fcc8b3ce1dc61f6/transformed/alfd-transformed/antlr4-runtime-4.9.1.jar
[Architectury Transformer DEBUG]  - /home/cutie/.gradle/caches/transforms-3/dda8ff62af6d519c1e236f825aef62bf/transformed/alfd-transformed/unsafe-0.2.0.jar
[Architectury Transformer DEBUG]  - /home/cutie/.gradle/caches/transforms-3/84f83b4ebb067a248169f6d73f4200be/transformed/alfd-transformed/toml-3.6.4.jar
[Architectury Transformer DEBUG]  - /home/cutie/.gradle/caches/transforms-3/a8ae9bda46ce047c558507a5a6369088/transformed/alfd-transformed/core-3.6.4.jar
[Architectury Transformer DEBUG]  - /home/cutie/.gradle/caches/transforms-3/a61e4c5d91210bececd5f830f4e4658d/transformed/alfd-transformed/maven-artifact-3.8.1.jar
[Architectury Transformer DEBUG]  - /home/cutie/.gradle/caches/transforms-3/7cc7a79a64f32838574cb08648797824/transformed/alfd-transformed/typetools-0.8.3.jar
[Architectury Transformer DEBUG]  - /home/cutie/.gradle/caches/transforms-3/59ee67d26f9079960b9ef1c73750f99b/transformed/alfd-transformed/terminalconsoleappender-1.2.0.jar
[Architectury Transformer DEBUG]  - /home/cutie/.gradle/caches/transforms-3/a63531bd49dff4e2da60084272b30e0e/transformed/alfd-transformed/jline-reader-3.12.1.jar
[Architectury Transformer DEBUG]  - /home/cutie/.gradle/caches/transforms-3/f2e89be39ef7e4556cc75106068df633/transformed/alfd-transformed/jline-terminal-3.12.1.jar
[Architectury Transformer DEBUG]  - /home/cutie/.gradle/caches/transforms-3/45b327378a3424e3cb787c2adab5af9c/transformed/alfd-transformed/mixin-patched-0.8.5.5.jar
[Architectury Transformer DEBUG]  - /home/cutie/.gradle/caches/modules-2/files-2.1/dev.architectury/architectury-loom-runtime/1.1.3/5ca1d9609c1bdd10a3162a9e2d211a95ca79740e/architectury-loom-runtime-1.1.3.jar
[Architectury Transformer DEBUG]  - /home/cutie/.gradle/caches/modules-2/files-2.1/net.fabricmc/yarn/1.18.2+build.2/96bf7505abe44cd205434678ff39ad8c73c23f14/yarn-1.18.2+build.2-constants.jar
[Architectury Transformer DEBUG]  - /home/cutie/.gradle/caches/modules-2/files-2.1/com.mojang/blocklist/1.0.10/5c685c5ffa94c4cd39496c7184c1d122e515ecef/blocklist-1.0.10.jar
[Architectury Transformer DEBUG]  - /home/cutie/.gradle/caches/modules-2/files-2.1/com.ibm.icu/icu4j/70.1/dfa3a1fbc55bf5db8c6e79fc0935ac7ab1202950/icu4j-70.1.jar
[Architectury Transformer DEBUG]  - /home/cutie/.gradle/caches/modules-2/files-2.1/org.apache.httpcomponents/httpclient/4.5.13/e5f6cae5ca7ecaac1ec2827a9e2d65ae2869cada/httpclient-4.5.13.jar
[Architectury Transformer DEBUG]  - /home/cutie/.gradle/caches/modules-2/files-2.1/commons-codec/commons-codec/1.15/49d94806b6e3dc933dacbd8acb0fdbab8ebd1e5d/commons-codec-1.15.jar
[Architectury Transformer DEBUG]  - /home/cutie/.gradle/caches/modules-2/files-2.1/org.apache.commons/commons-compress/1.21/4ec95b60d4e86b5c95a0e919cb172a0af98011ef/commons-compress-1.21.jar
[Architectury Transformer DEBUG]  - /home/cutie/.gradle/caches/modules-2/files-2.1/commons-logging/commons-logging/1.2/4bfc12adfe4842bf07b657f0369c4cb522955686/commons-logging-1.2.jar
[Architectury Transformer DEBUG]  - /home/cutie/.gradle/caches/modules-2/files-2.1/org.apache.httpcomponents/httpcore/4.4.14/9dd1a631c082d92ecd4bd8fd4cf55026c720a8c1/httpcore-4.4.14.jar
[Architectury Transformer DEBUG]  - /home/cutie/.gradle/caches/modules-2/files-2.1/org.lwjgl/lwjgl-jemalloc/3.2.2/ee8e57a79300f78294576d87c4a587f8c99402e2/lwjgl-jemalloc-3.2.2.jar
[Architectury Transformer DEBUG]  - /home/cutie/.gradle/caches/modules-2/files-2.1/org.lwjgl/lwjgl-openal/3.2.2/2b772a102b0a11ee5f2109a5b136f4dc7c630827/lwjgl-openal-3.2.2.jar
[Architectury Transformer DEBUG]  - /home/cutie/.gradle/caches/modules-2/files-2.1/org.lwjgl/lwjgl-opengl/3.2.2/6ac5bb88b44c43ea195a570aab059f63da004cd8/lwjgl-opengl-3.2.2.jar
[Architectury Transformer DEBUG]  - /home/cutie/.gradle/caches/modules-2/files-2.1/org.lwjgl/lwjgl-glfw/3.2.2/d3ad4df38e400b8afba1de63f84338809399df5b/lwjgl-glfw-3.2.2.jar
[Architectury Transformer DEBUG]  - /home/cutie/.gradle/caches/modules-2/files-2.1/org.lwjgl/lwjgl-stb/3.2.2/3b8e6ebc5851dd3d17e37e5cadce2eff2a429f0f/lwjgl-stb-3.2.2.jar
[Architectury Transformer DEBUG]  - /home/cutie/.gradle/caches/modules-2/files-2.1/org.lwjgl/lwjgl-tinyfd/3.2.2/fcbe606c8f8da6f8f9a05e2c540eb1ee8632b0e9/lwjgl-tinyfd-3.2.2.jar
[Architectury Transformer DEBUG]  - /home/cutie/.gradle/caches/modules-2/files-2.1/org.lwjgl/lwjgl/3.2.2/8ad6294407e15780b43e84929c40e4c5e997972e/lwjgl-3.2.2.jar
[Architectury Transformer DEBUG]  - /home/cutie/.gradle/caches/modules-2/files-2.1/ca.weblite/java-objc-bridge/1.0.0/6ef160c3133a78de015830860197602ca1c855d3/java-objc-bridge-1.0.0.jar
[Architectury Transformer DEBUG]  - /home/cutie/.gradle/caches/fabric-loom/1.18.2/net.fabricmc.yarn.1_18_2.1.18.2+build.2-v2/forge-1.18.2-40.0.40-minecraft-merged-named.jar
[Architectury Transformer DEBUG]  - /home/cutie/.gradle/caches/modules-2/files-2.1/com.mojang/logging/1.0.0/f6ca3b2eee0b80b384e8ed93d368faecb82dfb9b/logging-1.0.0.jar
[Architectury Transformer DEBUG]  - /home/cutie/.gradle/caches/modules-2/files-2.1/com.github.oshi/oshi-core/5.8.5/1d0ec654d820741327f5a9229d513732a4b7ce50/oshi-core-5.8.5.jar
[Architectury Transformer DEBUG]  - /home/cutie/.gradle/caches/modules-2/files-2.1/net.java.dev.jna/jna-platform/5.10.0/fbed7d9669dba47714ad0d4f4454290a997aee69/jna-platform-5.10.0.jar
[Architectury Transformer DEBUG]  - /home/cutie/.gradle/caches/modules-2/files-2.1/net.java.dev.jna/jna/5.10.0/7cf4c87dd802db50721db66947aa237d7ad09418/jna-5.10.0.jar
[Architectury Transformer DEBUG]  - /home/cutie/.gradle/caches/modules-2/files-2.1/org.apache.logging.log4j/log4j-slf4j18-impl/2.17.0/bd7f6c0b9224dd214afb4e684957e2349b529a8d/log4j-slf4j18-impl-2.17.0.jar
[Architectury Transformer DEBUG]  - /home/cutie/.gradle/caches/modules-2/files-2.1/org.slf4j/slf4j-api/1.8.0-beta4/83b0359d847ee053d745be7ec0d8e9e8a44304b4/slf4j-api-1.8.0-beta4.jar
[Architectury Transformer DEBUG]  - /home/cutie/.gradle/caches/modules-2/files-2.1/com.mojang/javabridge/1.2.24/c876796229b2ef5120f186eab5acc870699d3b9/javabridge-1.2.24.jar
[Architectury Transformer DEBUG]  - /home/cutie/.gradle/caches/modules-2/files-2.1/net.sf.jopt-simple/jopt-simple/5.0.4/4fdac2fbe92dfad86aa6e9301736f6b4342a3f5c/jopt-simple-5.0.4.jar
[Architectury Transformer DEBUG]  - /home/cutie/.gradle/caches/modules-2/files-2.1/io.netty/netty-all/4.1.68.Final/b8266a3c93c1c051109f71d3449e5dcd5d60b333/netty-all-4.1.68.Final.jar
[Architectury Transformer DEBUG]  - /home/cutie/.gradle/caches/modules-2/files-2.1/com.google.guava/failureaccess/1.0.1/1dcf1de382a0bf95a3d8b0849546c88bac1292c9/failureaccess-1.0.1.jar
[Architectury Transformer DEBUG]  - /home/cutie/.gradle/caches/modules-2/files-2.1/org.apache.commons/commons-lang3/3.12.0/c6842c86792ff03b9f1d1fe2aab8dc23aa6c6f0e/commons-lang3-3.12.0.jar
[Architectury Transformer DEBUG]  - /home/cutie/.gradle/caches/modules-2/files-2.1/commons-io/commons-io/2.11.0/a2503f302b11ebde7ebc3df41daebe0e4eea3689/commons-io-2.11.0.jar
[Architectury Transformer DEBUG]  - /home/cutie/.gradle/caches/modules-2/files-2.1/com.mojang/brigadier/1.0.18/c1ef1234282716483c92183f49bef47b1a89bfa9/brigadier-1.0.18.jar
[Architectury Transformer DEBUG]  - /home/cutie/.gradle/caches/modules-2/files-2.1/com.google.code.gson/gson/2.8.9/8a432c1d6825781e21a02db2e2c33c5fde2833b9/gson-2.8.9.jar
[Architectury Transformer DEBUG]  - /home/cutie/.gradle/caches/modules-2/files-2.1/it.unimi.dsi/fastutil/8.5.6/76f95700418a68fbc4ac050525261f05dc681ca1/fastutil-8.5.6.jar
[Architectury Transformer DEBUG]  - /home/cutie/.gradle/caches/modules-2/files-2.1/org.apache.logging.log4j/log4j-core/2.17.1/779f60f3844dadc3ef597976fcb1e5127b1f343d/log4j-core-2.17.1.jar
[Architectury Transformer DEBUG]  - /home/cutie/.gradle/caches/modules-2/files-2.1/org.apache.logging.log4j/log4j-api/2.17.1/d771af8e336e372fb5399c99edabe0919aeaf5b2/log4j-api-2.17.1.jar
[Architectury Transformer DEBUG]  - /home/cutie/.gradle/caches/modules-2/files-2.1/org.codehaus.plexus/plexus-utils/3.2.1/13b015768e0d04849d2794e4c47eb02d01a0de32/plexus-utils-3.2.1.jar
[Architectury Transformer DEBUG]  - /home/cutie/.gradle/caches/modules-2/files-2.1/com.google.guava/listenablefuture/9999.0-empty-to-avoid-conflict-with-guava/b421526c5f297295adef1c886e5246c39d4ac629/listenablefuture-9999.0-empty-to-avoid-conflict-with-guava.jar
[Architectury Transformer DEBUG]  - /home/cutie/.gradle/caches/modules-2/files-2.1/org.checkerframework/checker-qual/3.12.0/d5692f0526415fcc6de94bb5bfbd3afd9dd3b3e5/checker-qual-3.12.0.jar
[Architectury Transformer DEBUG]  - /home/cutie/.gradle/caches/modules-2/files-2.1/com.google.errorprone/error_prone_annotations/2.7.1/458d9042f7aa6fa9a634df902b37f544e15aacac/error_prone_annotations-2.7.1.jar
[Architectury Transformer DEBUG]  - /home/cutie/.gradle/caches/modules-2/files-2.1/com.google.j2objc/j2objc-annotations/1.3/ba035118bc8bac37d7eff77700720999acd9986d/j2objc-annotations-1.3.jar
[Architectury Transformer DEBUG]  - /home/cutie/.gradle/caches/modules-2/files-2.1/org.antlr/ST4/4.3/92f2c1ad8d84abcbeead6cf7f2c53a04166293c2/ST4-4.3.jar
[Architectury Transformer DEBUG]  - /home/cutie/.gradle/caches/modules-2/files-2.1/org.antlr/antlr-runtime/3.5.2/cd9cd41361c155f3af0f653009dcecb08d8b4afd/antlr-runtime-3.5.2.jar
[Architectury Transformer DEBUG]  - /home/cutie/.gradle/caches/modules-2/files-2.1/org.abego.treelayout/org.abego.treelayout.core/1.0.3/457216e8e6578099ae63667bb1e4439235892028/org.abego.treelayout.core-1.0.3.jar
[Architectury Transformer DEBUG]  - /home/cutie/.gradle/caches/modules-2/files-2.1/org.glassfish/javax.json/1.0.4/3178f73569fd7a1e5ffc464e680f7a8cc784b85a/javax.json-1.0.4.jar
[Architectury Transformer DEBUG]  - /home/cutie/.gradle/caches/modules-2/files-2.1/org.jetbrains.kotlin/kotlin-stdlib-common/1.6.0/7857e365f925cfa060f941c1357cda1f8790502c/kotlin-stdlib-common-1.6.0.jar
[Architectury Transformer] Read classpath in 2.374 s
[Architectury Transformer DEBUG] Closing File Systems for /home/cutie/Dokumenty/gitrepositories/core/common/build/devlibs/flowerycore-1-dev.jar
[Architectury Transformer DEBUG] Transforming 8 transformer(s) from /home/cutie/Dokumenty/gitrepositories/core/common/build/devlibs/flowerycore-1-dev.jar to /tmp/7518018200196328504.jar: 
[Architectury Transformer DEBUG]  - dev.architectury.transformer.transformers.RuntimeMixinRefmapDetector@7ec7ffd3
[Architectury Transformer DEBUG]  - dev.architectury.transformer.transformers.TransformExpectPlatform@5b239d7d
[Architectury Transformer DEBUG]  - dev.architectury.transformer.transformers.RemapInjectables@6572421
[Architectury Transformer DEBUG]  - dev.architectury.transformer.transformers.TransformPlatformOnly@6b81ce95
[Architectury Transformer DEBUG]  - dev.architectury.transformer.transformers.TransformForgeAnnotations@2a798d51
[Architectury Transformer DEBUG]  - dev.architectury.transformer.transformers.TransformForgeEnvironment@6d763516
[Architectury Transformer DEBUG]  - dev.architectury.transformer.transformers.GenerateFakeForgeMod@52bf72b5
[Architectury Transformer DEBUG]  - dev.architectury.transformer.transformers.FixForgeMixin@37afeb11
[Architectury Transformer DEBUG] Transforming from /home/cutie/Dokumenty/gitrepositories/core/common/build/devlibs/flowerycore-1-dev.jar to /tmp/7518018200196328504.jar with 8 transformer(s) on dev.architectury.transformer.handler.SimpleTransformerHandler
[Architectury Transformer DEBUG] Reading mixin mappings file: /home/cutie/Dokumenty/gitrepositories/core/common/build/loom-cache/mixin-map-net.fabricmc.yarn.1_18_2.1.18.2+build.2-v2.main.tiny
[Architectury Transformer DEBUG] Remapping with 3 mapping provider(s):
[Architectury Transformer DEBUG]  - dev.architectury.transformer.transformers.RemapInjectables$$Lambda$134/0x000000010010db00@38c6f217
[Architectury Transformer DEBUG]  - dev.architectury.transformer.transformers.TransformForgeEnvironment$$Lambda$137/0x000000010011b220@139982de
[Architectury Transformer DEBUG]  - dev.architectury.transformer.transformers.TransformForgeEnvironment$$Lambda$138/0x000000010011b448@682b2fa
[Architectury Transformer DEBUG] Remapping Classes:
[Architectury Transformer DEBUG] net/fabricmc/api/EnvType -> net/minecraftforge/api/distmarker/Dist
[Architectury Transformer DEBUG] net/fabricmc/api/Environment -> net/minecraftforge/api/distmarker/OnlyIn
[Architectury Transformer DEBUG] dev/architectury/injectables/targets/ArchitecturyTarget -> architectury_inject_flowerycore_forge_a44b33657f45486e9548d97153d5f2ce_451fd2db7ae2ff90ece872d3a99c0cd956e32133772a890a0ad281bc620224fcflowerycore1devjar/PlatformMethods
[Architectury Transformer DEBUG] Found class transformer
[Architectury Transformer DEBUG] Checking whether /flowerycore-common-refmap.json is a mixin config.
[Architectury Transformer DEBUG] Checking whether /flowerycore.mixins.json is a mixin config.
[Architectury Transformer DEBUG] Checking whether /flowerycore-common-refmap.json is a mixin config.
[Architectury Transformer DEBUG] Checking whether /flowerycore.mixins.json is a mixin config.
[Architectury Transformer DEBUG] Found mixin config(s): /flowerycore.mixins.json
[Architectury Transformer DEBUG] Appended Launch Argument: [--mixin.config, /flowerycore.mixins.json]
[Architectury Transformer DEBUG] Remapping refmap from intermediary to srg: flowerycore-forge-refmap.json
[Architectury Transformer DEBUG] Closing File Systems for /tmp/7518018200196328504.jar
[Architectury Transformer] Listening at /home/cutie/Dokumenty/gitrepositories/core/common/build/devlibs/flowerycore-1-dev.jar
